#
# There is insufficient memory for the Java Runtime Environment to continue.
# Native memory allocation (malloc) failed to allocate 361136 bytes for Chunk::new
# Possible reasons:
#   The system is out of physical RAM or swap space
#   The process is running with CompressedOops enabled, and the Java Heap may be blocking the growth of the native heap
# Possible solutions:
#   Reduce memory load on the system
#   Increase physical memory or swap space
#   Check if swap backing store is full
#   Decrease Java heap size (-Xmx/-Xms)
#   Decrease number of Java threads
#   Decrease Java thread stack sizes (-Xss)
#   Set larger code cache with -XX:ReservedCodeCacheSize=
#   JVM is running with Unscaled Compressed Oops mode in which the Java heap is
#     placed in the first 4GB address space. The Java Heap base address is the
#     maximum limit for the native heap growth. Please use -XX:HeapBaseMinAddress
#     to set the Java Heap base and to place the Java Heap above 4GB virtual address.
# This output file may be truncated or incomplete.
#
#  Out of Memory Error (./src/hotspot/share/memory/arena.cpp:197), pid=14420, tid=18248
#
# JRE version: OpenJDK Runtime Environment (11.0.13) (build 11.0.13+0-b1751.21-8125866)
# Java VM: OpenJDK 64-Bit Server VM (11.0.13+0-b1751.21-8125866, mixed mode, tiered, compressed oops, g1 gc, windows-amd64)
# No core dump will be written. Minidumps are not enabled by default on client versions of Windows
#

---------------  S U M M A R Y ------------

Command Line: --add-opens=java.base/java.util=ALL-UNNAMED --add-opens=java.base/java.lang=ALL-UNNAMED --add-opens=java.base/java.lang.invoke=ALL-UNNAMED --add-opens=java.base/java.util=ALL-UNNAMED --add-opens=java.prefs/java.util.prefs=ALL-UNNAMED --add-opens=java.prefs/java.util.prefs=ALL-UNNAMED --add-opens=java.base/java.nio.charset=ALL-UNNAMED --add-opens=java.base/java.net=ALL-UNNAMED --add-opens=java.base/java.util.concurrent.atomic=ALL-UNNAMED -Xmx2048m -Dfile.encoding=UTF-8 -Duser.country=ES -Duser.language=es -Duser.variant org.gradle.launcher.daemon.bootstrap.GradleDaemon 7.4

Host: AMD Ryzen 5 5600X 6-Core Processor             , 12 cores, 15G,  Windows 10 , 64 bit Build 19041 (10.0.19041.2251)
Time: Thu Dec  8 22:08:41 2022 Hora estándar romance elapsed time: 679.319529 seconds (0d 0h 11m 19s)

---------------  T H R E A D  ---------------

Current thread (0x000001d9fa20c000):  JavaThread "C2 CompilerThread0" daemon [_thread_in_native, id=18248, stack(0x0000004d06300000,0x0000004d06400000)]


Current CompileTask:
C2: 679319 19520   !   4       org.gradle.internal.service.DefaultServiceRegistry$FactoryService::bind (283 bytes)

Stack: [0x0000004d06300000,0x0000004d06400000]
Native frames: (J=compiled Java code, j=interpreted, Vv=VM code, C=native code)
V  [jvm.dll+0x6100fa]
V  [jvm.dll+0x747090]
V  [jvm.dll+0x7486ad]
V  [jvm.dll+0x748d83]
V  [jvm.dll+0x24ab48]
V  [jvm.dll+0xc04dc]
V  [jvm.dll+0xc0a0c]
V  [jvm.dll+0x35eb9d]
V  [jvm.dll+0x19d9bc]
V  [jvm.dll+0x2033be]
V  [jvm.dll+0x202437]
V  [jvm.dll+0x188e01]
V  [jvm.dll+0x21106b]
V  [jvm.dll+0x20f8c1]
V  [jvm.dll+0x70de0f]
V  [jvm.dll+0x706a75]
V  [jvm.dll+0x60ed66]
C  [ucrtbase.dll+0x21bb2]
C  [KERNEL32.DLL+0x174b4]
C  [ntdll.dll+0x526a1]


---------------  P R O C E S S  ---------------

Threads class SMR info:
_java_thread_list=0x000001d9834dc340, length=97, elements={
0x000001d9df049000, 0x000001d9fa194800, 0x000001d9fa196000, 0x000001d9fa203800,
0x000001d9fa205800, 0x000001d9fa207800, 0x000001d9fa20c000, 0x000001d9fa219000,
0x000001d9fa21c800, 0x000001d9fa386800, 0x000001d9fccd2000, 0x000001d9fc132000,
0x000001d9fcfdc800, 0x000001d9fcc9d800, 0x000001d9fcc9e000, 0x000001d9fcc9a000,
0x000001d9fcc9c000, 0x000001d9fcc9b000, 0x000001d9fd3a6000, 0x000001d9fd3a3800,
0x000001d9fd3a8000, 0x000001d9fd3a4800, 0x000001d9fd3a9800, 0x000001d980762800,
0x000001d980769000, 0x000001d9815ba800, 0x000001d9815b9000, 0x000001d9815bc800,
0x000001d9815ba000, 0x000001d9815bb800, 0x000001d9815bd000, 0x000001d9815b7800,
0x000001d9815be000, 0x000001d982ddd800, 0x000001d985a8b000, 0x000001d985a92800,
0x000001d985a93800, 0x000001d985a8f000, 0x000001d98325c800, 0x000001d98325e000,
0x000001d983264800, 0x000001d98325f800, 0x000001d983263000, 0x000001d983263800,
0x000001d9fcf05800, 0x000001d9fcf07000, 0x000001d982de9000, 0x000001d9815bf800,
0x000001d982dde000, 0x000001d980765000, 0x000001d9fcf04800, 0x000001d9fcf01800,
0x000001d9fcf02000, 0x000001d9fcf08000, 0x000001d9fcf08800, 0x000001d9fcf06000,
0x000001d9fcf03000, 0x000001d9fcf04000, 0x000001d9fcf0f000, 0x000001d9fcf0d800,
0x000001d9fcf0e800, 0x000001d9fc0ac800, 0x000001d985f6b800, 0x000001d9fcf09800,
0x000001d9fcf10000, 0x000001d9fcf0a800, 0x000001d9fcf0b000, 0x000001d9fcf0c000,
0x000001d9832c8800, 0x000001d9832cd000, 0x000001d9832ce000, 0x000001d9832cb800,
0x000001d9832cc800, 0x000001d9832c9000, 0x000001d9832ca800, 0x000001d9832cf000,
0x000001d9832cf800, 0x000001d9832ca000, 0x000001d9832d3800, 0x000001d9832d5800,
0x000001d9832d6000, 0x000001d9832d4800, 0x000001d9832d0800, 0x000001d9832d3000,
0x000001d9832d1800, 0x000001d9832d8000, 0x000001d9832d2000, 0x000001d9832dc000,
0x000001d9832d8800, 0x000001d9832da000, 0x000001d9832dd800, 0x000001d9832de800,
0x000001d9832df000, 0x000001d9832d9800, 0x000001d9832db000, 0x000001d9832e2800,
0x000001d9832e0000
}

Java Threads: ( => current thread )
  0x000001d9df049000 JavaThread "main" [_thread_blocked, id=13428, stack(0x0000004d05700000,0x0000004d05800000)]
  0x000001d9fa194800 JavaThread "Reference Handler" daemon [_thread_blocked, id=17500, stack(0x0000004d05e00000,0x0000004d05f00000)]
  0x000001d9fa196000 JavaThread "Finalizer" daemon [_thread_blocked, id=8144, stack(0x0000004d05f00000,0x0000004d06000000)]
  0x000001d9fa203800 JavaThread "Signal Dispatcher" daemon [_thread_blocked, id=12616, stack(0x0000004d06000000,0x0000004d06100000)]
  0x000001d9fa205800 JavaThread "Attach Listener" daemon [_thread_blocked, id=13524, stack(0x0000004d06100000,0x0000004d06200000)]
  0x000001d9fa207800 JavaThread "Service Thread" daemon [_thread_blocked, id=12968, stack(0x0000004d06200000,0x0000004d06300000)]
=>0x000001d9fa20c000 JavaThread "C2 CompilerThread0" daemon [_thread_in_native, id=18248, stack(0x0000004d06300000,0x0000004d06400000)]
  0x000001d9fa219000 JavaThread "C1 CompilerThread0" daemon [_thread_blocked, id=8452, stack(0x0000004d06400000,0x0000004d06500000)]
  0x000001d9fa21c800 JavaThread "Sweeper thread" daemon [_thread_blocked, id=8328, stack(0x0000004d06500000,0x0000004d06600000)]
  0x000001d9fa386800 JavaThread "Common-Cleaner" daemon [_thread_blocked, id=15384, stack(0x0000004d06600000,0x0000004d06700000)]
  0x000001d9fccd2000 JavaThread "Daemon health stats" [_thread_blocked, id=4788, stack(0x0000004d06f00000,0x0000004d07000000)]
  0x000001d9fc132000 JavaThread "Incoming local TCP Connector on port 61774" [_thread_in_native, id=7416, stack(0x0000004d07000000,0x0000004d07100000)]
  0x000001d9fcfdc800 JavaThread "Daemon periodic checks" [_thread_blocked, id=9140, stack(0x0000004d07100000,0x0000004d07200000)]
  0x000001d9fcc9d800 JavaThread "Cache worker for journal cache (C:\Users\carlo\.gradle\caches\journal-1)" [_thread_blocked, id=13292, stack(0x0000004d07900000,0x0000004d07a00000)]
  0x000001d9fcc9e000 JavaThread "File lock request listener" [_thread_in_native, id=5956, stack(0x0000004d07a00000,0x0000004d07b00000)]
  0x000001d9fcc9a000 JavaThread "Cache worker for file hash cache (C:\Users\carlo\.gradle\caches\7.4\fileHashes)" [_thread_blocked, id=12908, stack(0x0000004d07b00000,0x0000004d07c00000)]
  0x000001d9fcc9c000 JavaThread "File watcher server" daemon [_thread_in_native, id=15704, stack(0x0000004d08200000,0x0000004d08300000)]
  0x000001d9fcc9b000 JavaThread "File watcher consumer" daemon [_thread_blocked, id=17460, stack(0x0000004d08300000,0x0000004d08400000)]
  0x000001d9fd3a6000 JavaThread "Cache worker for execution history cache (C:\Users\carlo\.gradle\caches\7.4\executionHistory)" [_thread_blocked, id=16064, stack(0x0000004d08800000,0x0000004d08900000)]
  0x000001d9fd3a3800 JavaThread "jar transforms" [_thread_blocked, id=17224, stack(0x0000004d08900000,0x0000004d08a00000)]
  0x000001d9fd3a8000 JavaThread "Cache worker for file content cache (C:\Users\carlo\.gradle\caches\7.4\fileContent)" [_thread_blocked, id=6408, stack(0x0000004d08a00000,0x0000004d08b00000)]
  0x000001d9fd3a4800 JavaThread "jar transforms Thread 2" [_thread_blocked, id=5444, stack(0x0000004d08b00000,0x0000004d08c00000)]
  0x000001d9fd3a9800 JavaThread "jar transforms Thread 3" [_thread_blocked, id=13952, stack(0x0000004d08d00000,0x0000004d08e00000)]
  0x000001d980762800 JavaThread "jar transforms Thread 4" [_thread_blocked, id=16060, stack(0x0000004d10700000,0x0000004d10800000)]
  0x000001d980769000 JavaThread "jar transforms Thread 5" [_thread_blocked, id=13128, stack(0x0000004d10800000,0x0000004d10900000)]
  0x000001d9815ba800 JavaThread "jar transforms Thread 6" [_thread_blocked, id=3212, stack(0x0000004d10900000,0x0000004d10a00000)]
  0x000001d9815b9000 JavaThread "jar transforms Thread 7" [_thread_blocked, id=15308, stack(0x0000004d10a00000,0x0000004d10b00000)]
  0x000001d9815bc800 JavaThread "jar transforms Thread 8" [_thread_blocked, id=7676, stack(0x0000004d10b00000,0x0000004d10c00000)]
  0x000001d9815ba000 JavaThread "jar transforms Thread 9" [_thread_blocked, id=17488, stack(0x0000004d10c00000,0x0000004d10d00000)]
  0x000001d9815bb800 JavaThread "jar transforms Thread 10" [_thread_blocked, id=16108, stack(0x0000004d10d00000,0x0000004d10e00000)]
  0x000001d9815bd000 JavaThread "jar transforms Thread 11" [_thread_blocked, id=3980, stack(0x0000004d10e00000,0x0000004d10f00000)]
  0x000001d9815b7800 JavaThread "jar transforms Thread 12" [_thread_blocked, id=5048, stack(0x0000004d10f00000,0x0000004d11000000)]
  0x000001d9815be000 JavaThread "Memory manager" [_thread_blocked, id=5928, stack(0x0000004d11000000,0x0000004d11100000)]
  0x000001d982ddd800 JavaThread "Cache worker for Java compile cache (C:\Users\carlo\.gradle\caches\7.4\javaCompile)" [_thread_blocked, id=17472, stack(0x0000004d11f00000,0x0000004d12000000)]
  0x000001d985a8b000 JavaThread "ForkJoinPool.commonPool-worker-19" daemon [_thread_blocked, id=14528, stack(0x0000004d13900000,0x0000004d13a00000)]
  0x000001d985a92800 JavaThread "ForkJoinPool.commonPool-worker-13" daemon [_thread_blocked, id=8444, stack(0x0000004d13e00000,0x0000004d13f00000)]
  0x000001d985a93800 JavaThread "ForkJoinPool.commonPool-worker-21" daemon [_thread_blocked, id=17780, stack(0x0000004d14200000,0x0000004d14300000)]
  0x000001d985a8f000 JavaThread "ForkJoinPool.commonPool-worker-7" daemon [_thread_blocked, id=18124, stack(0x0000004d14300000,0x0000004d14400000)]
  0x000001d98325c800 JavaThread "ForkJoinPool.commonPool-worker-11" daemon [_thread_blocked, id=8392, stack(0x0000004d13700000,0x0000004d13800000)]
  0x000001d98325e000 JavaThread "ForkJoinPool.commonPool-worker-25" daemon [_thread_blocked, id=17816, stack(0x0000004d13800000,0x0000004d13900000)]
  0x000001d983264800 JavaThread "ForkJoinPool.commonPool-worker-29" daemon [_thread_blocked, id=17684, stack(0x0000004d13a00000,0x0000004d13b00000)]
  0x000001d98325f800 JavaThread "ForkJoinPool.commonPool-worker-15" daemon [_thread_blocked, id=17768, stack(0x0000004d13b00000,0x0000004d13c00000)]
  0x000001d983263000 JavaThread "ForkJoinPool.commonPool-worker-23" daemon [_thread_blocked, id=3780, stack(0x0000004d13d00000,0x0000004d13e00000)]
  0x000001d983263800 JavaThread "ForkJoinPool.commonPool-worker-5" daemon [_thread_blocked, id=1660, stack(0x0000004d13f00000,0x0000004d14000000)]
  0x000001d9fcf05800 JavaThread "Daemon Thread 3" [_thread_blocked, id=17856, stack(0x0000004d05600000,0x0000004d05700000)]
  0x000001d9fcf07000 JavaThread "Daemon worker Thread 3" [_thread_in_Java, id=10212, stack(0x0000004d07200000,0x0000004d07300000)]
  0x000001d982de9000 JavaThread "included builds" [_thread_blocked, id=12008, stack(0x0000004d11100000,0x0000004d11200000)]
  0x000001d9815bf800 JavaThread "ForkJoinPool.commonPool-worker-27" daemon [_thread_blocked, id=8324, stack(0x0000004d14100000,0x0000004d14200000)]
  0x000001d982dde000 JavaThread "included builds" [_thread_blocked, id=18412, stack(0x0000004d11200000,0x0000004d11300000)]
  0x000001d980765000 JavaThread "included builds" [_thread_blocked, id=5632, stack(0x0000004d10500000,0x0000004d10600000)]
  0x000001d9fcf04800 JavaThread "Handler for socket connection from /127.0.0.1:61774 to /127.0.0.1:56522" [_thread_in_native, id=15224, stack(0x0000004d05400000,0x0000004d05500000)]
  0x000001d9fcf01800 JavaThread "Cancel handler" [_thread_blocked, id=1700, stack(0x0000004d05500000,0x0000004d05600000)]
  0x000001d9fcf02000 JavaThread "Asynchronous log dispatcher for DefaultDaemonConnection: socket connection from /127.0.0.1:61774 to /127.0.0.1:56522" [_thread_blocked, id=11104, stack(0x0000004d06800000,0x0000004d06900000)]
  0x000001d9fcf08000 JavaThread "Stdin handler" [_thread_blocked, id=4140, stack(0x0000004d06900000,0x0000004d06a00000)]
  0x000001d9fcf08800 JavaThread "Daemon client event forwarder" [_thread_blocked, id=10840, stack(0x0000004d07300000,0x0000004d07400000)]
  0x000001d9fcf06000 JavaThread "Cache worker for checksums cache (F:\StudioProjects\Ejercicio9\.gradle\7.4\checksums)" [_thread_blocked, id=7012, stack(0x0000004d07400000,0x0000004d07500000)]
  0x000001d9fcf03000 JavaThread "Cache worker for cache directory md-rule (C:\Users\carlo\.gradle\caches\7.4\md-rule)" [_thread_blocked, id=4804, stack(0x0000004d07500000,0x0000004d07600000)]
  0x000001d9fcf04000 JavaThread "Cache worker for file hash cache (F:\StudioProjects\Ejercicio9\.gradle\7.4\fileHashes)" [_thread_blocked, id=2868, stack(0x0000004d07600000,0x0000004d07700000)]
  0x000001d9fcf0f000 JavaThread "Cache worker for cache directory md-supplier (C:\Users\carlo\.gradle\caches\7.4\md-supplier)" [_thread_blocked, id=13096, stack(0x0000004d07700000,0x0000004d07800000)]
  0x000001d9fcf0d800 JavaThread "Cache worker for dependencies-accessors (F:\StudioProjects\Ejercicio9\.gradle\7.4\dependencies-accessors)" [_thread_blocked, id=12860, stack(0x0000004d07800000,0x0000004d07900000)]
  0x000001d9fcf0e800 JavaThread "Cache worker for Build Output Cleanup Cache (F:\StudioProjects\Ejercicio9\.gradle\buildOutputCleanup)" [_thread_blocked, id=10944, stack(0x0000004d08400000,0x0000004d08500000)]
  0x000001d9fc0ac800 JavaThread "C2 CompilerThread1" daemon [_thread_in_native, id=8304, stack(0x0000004d08500000,0x0000004d08600000)]
  0x000001d985f6b800 JavaThread "C2 CompilerThread2" daemon [_thread_in_native, id=1192, stack(0x0000004d08600000,0x0000004d08700000)]
  0x000001d9fcf09800 JavaThread "Unconstrained build operations" [_thread_blocked, id=8160, stack(0x0000004d08700000,0x0000004d08800000)]
  0x000001d9fcf10000 JavaThread "Unconstrained build operations Thread 2" [_thread_blocked, id=5240, stack(0x0000004d08c00000,0x0000004d08d00000)]
  0x000001d9fcf0a800 JavaThread "Unconstrained build operations Thread 3" [_thread_blocked, id=17220, stack(0x0000004d08e00000,0x0000004d08f00000)]
  0x000001d9fcf0b000 JavaThread "Unconstrained build operations Thread 4" [_thread_blocked, id=17988, stack(0x0000004d08f00000,0x0000004d09000000)]
  0x000001d9fcf0c000 JavaThread "Unconstrained build operations Thread 5" [_thread_blocked, id=14592, stack(0x0000004d09000000,0x0000004d09100000)]
  0x000001d9832c8800 JavaThread "Unconstrained build operations Thread 6" [_thread_blocked, id=14500, stack(0x0000004d09100000,0x0000004d09200000)]
  0x000001d9832cd000 JavaThread "Unconstrained build operations Thread 7" [_thread_blocked, id=9112, stack(0x0000004d09200000,0x0000004d09300000)]
  0x000001d9832ce000 JavaThread "Unconstrained build operations Thread 8" [_thread_blocked, id=13132, stack(0x0000004d09300000,0x0000004d09400000)]
  0x000001d9832cb800 JavaThread "Unconstrained build operations Thread 9" [_thread_blocked, id=2752, stack(0x0000004d09400000,0x0000004d09500000)]
  0x000001d9832cc800 JavaThread "Unconstrained build operations Thread 10" [_thread_blocked, id=8696, stack(0x0000004d09500000,0x0000004d09600000)]
  0x000001d9832c9000 JavaThread "Unconstrained build operations Thread 11" [_thread_blocked, id=16276, stack(0x0000004d09600000,0x0000004d09700000)]
  0x000001d9832ca800 JavaThread "Unconstrained build operations Thread 12" [_thread_blocked, id=11220, stack(0x0000004d09700000,0x0000004d09800000)]
  0x000001d9832cf000 JavaThread "Unconstrained build operations Thread 13" [_thread_blocked, id=2892, stack(0x0000004d09800000,0x0000004d09900000)]
  0x000001d9832cf800 JavaThread "Unconstrained build operations Thread 14" [_thread_blocked, id=5152, stack(0x0000004d09900000,0x0000004d09a00000)]
  0x000001d9832ca000 JavaThread "Unconstrained build operations Thread 15" [_thread_blocked, id=1536, stack(0x0000004d09a00000,0x0000004d09b00000)]
  0x000001d9832d3800 JavaThread "Unconstrained build operations Thread 16" [_thread_blocked, id=14936, stack(0x0000004d09b00000,0x0000004d09c00000)]
  0x000001d9832d5800 JavaThread "Unconstrained build operations Thread 17" [_thread_blocked, id=12124, stack(0x0000004d09c00000,0x0000004d09d00000)]
  0x000001d9832d6000 JavaThread "Unconstrained build operations Thread 18" [_thread_blocked, id=868, stack(0x0000004d09d00000,0x0000004d09e00000)]
  0x000001d9832d4800 JavaThread "Unconstrained build operations Thread 19" [_thread_blocked, id=1200, stack(0x0000004d09e00000,0x0000004d09f00000)]
  0x000001d9832d0800 JavaThread "Unconstrained build operations Thread 20" [_thread_blocked, id=2780, stack(0x0000004d09f00000,0x0000004d0a000000)]
  0x000001d9832d3000 JavaThread "Unconstrained build operations Thread 21" [_thread_blocked, id=10904, stack(0x0000004d0a000000,0x0000004d0a100000)]
  0x000001d9832d1800 JavaThread "Unconstrained build operations Thread 22" [_thread_blocked, id=18088, stack(0x0000004d0a100000,0x0000004d0a200000)]
  0x000001d9832d8000 JavaThread "Unconstrained build operations Thread 23" [_thread_blocked, id=17280, stack(0x0000004d0a200000,0x0000004d0a300000)]
  0x000001d9832d2000 JavaThread "Unconstrained build operations Thread 24" [_thread_blocked, id=15916, stack(0x0000004d0a300000,0x0000004d0a400000)]
  0x000001d9832dc000 JavaThread "Unconstrained build operations Thread 25" [_thread_blocked, id=884, stack(0x0000004d0a400000,0x0000004d0a500000)]
  0x000001d9832d8800 JavaThread "Unconstrained build operations Thread 26" [_thread_blocked, id=10820, stack(0x0000004d0a500000,0x0000004d0a600000)]
  0x000001d9832da000 JavaThread "Unconstrained build operations Thread 27" [_thread_blocked, id=7048, stack(0x0000004d0a600000,0x0000004d0a700000)]
  0x000001d9832dd800 JavaThread "Unconstrained build operations Thread 28" [_thread_blocked, id=2412, stack(0x0000004d0a700000,0x0000004d0a800000)]
  0x000001d9832de800 JavaThread "Unconstrained build operations Thread 29" [_thread_blocked, id=9096, stack(0x0000004d0a800000,0x0000004d0a900000)]
  0x000001d9832df000 JavaThread "Unconstrained build operations Thread 30" [_thread_blocked, id=16080, stack(0x0000004d0a900000,0x0000004d0aa00000)]
  0x000001d9832d9800 JavaThread "Unconstrained build operations Thread 31" [_thread_blocked, id=15200, stack(0x0000004d0aa00000,0x0000004d0ab00000)]
  0x000001d9832db000 JavaThread "Unconstrained build operations Thread 32" [_thread_blocked, id=18160, stack(0x0000004d0ab00000,0x0000004d0ac00000)]
  0x000001d9832e2800 JavaThread "Unconstrained build operations Thread 33" [_thread_blocked, id=2808, stack(0x0000004d0ac00000,0x0000004d0ad00000)]
  0x000001d9832e0000 JavaThread "Unconstrained build operations Thread 34" [_thread_blocked, id=18016, stack(0x0000004d0ad00000,0x0000004d0ae00000)]

Other Threads:
  0x000001d9f995c000 VMThread "VM Thread" [stack: 0x0000004d05d00000,0x0000004d05e00000] [id=17368]
  0x000001d9fa3b2000 WatcherThread [stack: 0x0000004d06700000,0x0000004d06800000] [id=2804]
  0x000001d9df063800 GCTaskThread "GC Thread#0" [stack: 0x0000004d05800000,0x0000004d05900000] [id=17284]
  0x000001d9faa74000 GCTaskThread "GC Thread#1" [stack: 0x0000004d06a00000,0x0000004d06b00000] [id=6744]
  0x000001d9fad34800 GCTaskThread "GC Thread#2" [stack: 0x0000004d06b00000,0x0000004d06c00000] [id=10624]
  0x000001d9fae7e000 GCTaskThread "GC Thread#3" [stack: 0x0000004d06c00000,0x0000004d06d00000] [id=1260]
  0x000001d9fb50d000 GCTaskThread "GC Thread#4" [stack: 0x0000004d06d00000,0x0000004d06e00000] [id=2284]
  0x000001d9fa6ac800 GCTaskThread "GC Thread#5" [stack: 0x0000004d06e00000,0x0000004d06f00000] [id=11188]
  0x000001d9fbb2d000 GCTaskThread "GC Thread#6" [stack: 0x0000004d07c00000,0x0000004d07d00000] [id=11172]
  0x000001d9fbc91000 GCTaskThread "GC Thread#7" [stack: 0x0000004d07d00000,0x0000004d07e00000] [id=5508]
  0x000001d9fb742000 GCTaskThread "GC Thread#8" [stack: 0x0000004d07e00000,0x0000004d07f00000] [id=18108]
  0x000001d9fc715800 GCTaskThread "GC Thread#9" [stack: 0x0000004d07f00000,0x0000004d08000000] [id=17784]
  0x000001d9df096000 ConcurrentGCThread "G1 Main Marker" [stack: 0x0000004d05900000,0x0000004d05a00000] [id=3164]
  0x000001d9df097800 ConcurrentGCThread "G1 Conc#0" [stack: 0x0000004d05a00000,0x0000004d05b00000] [id=5564]
  0x000001d9fcea7800 ConcurrentGCThread "G1 Conc#1" [stack: 0x0000004d08000000,0x0000004d08100000] [id=18060]
  0x000001d9fc82e000 ConcurrentGCThread "G1 Conc#2" [stack: 0x0000004d08100000,0x0000004d08200000] [id=6196]
  0x000001d9f97dc800 ConcurrentGCThread "G1 Refine#0" [stack: 0x0000004d05b00000,0x0000004d05c00000] [id=9184]
  0x000001d9fd240800 ConcurrentGCThread "G1 Refine#1" [stack: 0x0000004d11300000,0x0000004d11400000] [id=3528]
  0x000001d9f97dd800 ConcurrentGCThread "G1 Young RemSet Sampling" [stack: 0x0000004d05c00000,0x0000004d05d00000] [id=12148]

Threads with active compile tasks:
C2 CompilerThread0 679347 19520   !   4       org.gradle.internal.service.DefaultServiceRegistry$FactoryService::bind (283 bytes)
C1 CompilerThread0 679347 19576       1       org.gradle.internal.logging.events.StyledTextOutputEvent$Span::access$000 (5 bytes)
C2 CompilerThread1 679347 19527       4       java.net.URLStreamHandler::setURL (73 bytes)
C2 CompilerThread2 679347 19566       4       java.util.regex.Pattern::split (290 bytes)

VM state:not at safepoint (normal execution)

VM Mutex/Monitor currently owned by a thread:  ([mutex/lock_event])
[0x000001d9df046550] CodeCache_lock - owner thread: 0x0000000000000000

OutOfMemory and StackOverflow Exception counts:
OutOfMemoryError java_heap_errors=1
StackOverflowErrors=2
LinkageErrors=177

Heap address: 0x0000000080000000, size: 2048 MB, Compressed Oops mode: 32-bit
Narrow klass base: 0x0000000000000000, Narrow klass shift: 3
Compressed class space size: 1073741824 Address: 0x0000000100000000

Heap:
 garbage-first heap   total 262144K, used 98501K [0x0000000080000000, 0x0000000100000000)
  region size 1024K, 7 young (7168K), 3 survivors (3072K)
 Metaspace       used 117529K, capacity 121292K, committed 121480K, reserved 1155072K
  class space    used 15026K, capacity 16507K, committed 16512K, reserved 1048576K
Heap Regions: E=young(eden), S=young(survivor), O=old, HS=humongous(starts), HC=humongous(continues), CS=collection set, F=free, A=archive, TAMS=top-at-mark-start (previous, next)
|   0|0x0000000080000000, 0x0000000080100000, 0x0000000080100000|100%| O|  |TAMS 0x0000000080100000, 0x0000000080000000| Untracked 
|   1|0x0000000080100000, 0x0000000080200000, 0x0000000080200000|100%| O|  |TAMS 0x0000000080200000, 0x0000000080100000| Untracked 
|   2|0x0000000080200000, 0x0000000080300000, 0x0000000080300000|100%| O|  |TAMS 0x0000000080300000, 0x0000000080200000| Untracked 
|   3|0x0000000080300000, 0x0000000080400000, 0x0000000080400000|100%|HS|  |TAMS 0x0000000080400000, 0x0000000080300000| Complete 
|   4|0x0000000080400000, 0x0000000080500000, 0x0000000080500000|100%|HC|  |TAMS 0x0000000080500000, 0x0000000080400000| Complete 
|   5|0x0000000080500000, 0x0000000080600000, 0x0000000080600000|100%|HC|  |TAMS 0x0000000080600000, 0x0000000080500000| Complete 
|   6|0x0000000080600000, 0x0000000080700000, 0x0000000080700000|100%| O|  |TAMS 0x0000000080700000, 0x0000000080600000| Untracked 
|   7|0x0000000080700000, 0x0000000080800000, 0x0000000080800000|100%| O|  |TAMS 0x0000000080800000, 0x0000000080700000| Untracked 
|   8|0x0000000080800000, 0x0000000080900000, 0x0000000080900000|100%| O|  |TAMS 0x0000000080900000, 0x0000000080800000| Untracked 
|   9|0x0000000080900000, 0x0000000080a00000, 0x0000000080a00000|100%| O|  |TAMS 0x0000000080a00000, 0x0000000080900000| Untracked 
|  10|0x0000000080a00000, 0x0000000080b00000, 0x0000000080b00000|100%| O|  |TAMS 0x0000000080b00000, 0x0000000080a00000| Untracked 
|  11|0x0000000080b00000, 0x0000000080c00000, 0x0000000080c00000|100%| O|  |TAMS 0x0000000080c00000, 0x0000000080b00000| Untracked 
|  12|0x0000000080c00000, 0x0000000080d00000, 0x0000000080d00000|100%| O|  |TAMS 0x0000000080d00000, 0x0000000080c00000| Untracked 
|  13|0x0000000080d00000, 0x0000000080e00000, 0x0000000080e00000|100%| O|  |TAMS 0x0000000080e00000, 0x0000000080d00000| Untracked 
|  14|0x0000000080e00000, 0x0000000080f00000, 0x0000000080f00000|100%| O|  |TAMS 0x0000000080f00000, 0x0000000080e00000| Untracked 
|  15|0x0000000080f00000, 0x0000000081000000, 0x0000000081000000|100%| O|  |TAMS 0x0000000081000000, 0x0000000080f00000| Untracked 
|  16|0x0000000081000000, 0x0000000081100000, 0x0000000081100000|100%| O|  |TAMS 0x0000000081100000, 0x0000000081000000| Untracked 
|  17|0x0000000081100000, 0x0000000081200000, 0x0000000081200000|100%|HS|  |TAMS 0x0000000081200000, 0x0000000081100000| Complete 
|  18|0x0000000081200000, 0x0000000081300000, 0x0000000081300000|100%|HS|  |TAMS 0x0000000081300000, 0x0000000081200000| Complete 
|  19|0x0000000081300000, 0x0000000081400000, 0x0000000081400000|100%| O|  |TAMS 0x0000000081400000, 0x0000000081300000| Untracked 
|  20|0x0000000081400000, 0x0000000081500000, 0x0000000081500000|100%|HS|  |TAMS 0x0000000081500000, 0x0000000081400000| Complete 
|  21|0x0000000081500000, 0x0000000081600000, 0x0000000081600000|100%|HC|  |TAMS 0x0000000081600000, 0x0000000081500000| Complete 
|  22|0x0000000081600000, 0x0000000081700000, 0x0000000081700000|100%| O|  |TAMS 0x0000000081700000, 0x0000000081600000| Untracked 
|  23|0x0000000081700000, 0x0000000081800000, 0x0000000081800000|100%| O|  |TAMS 0x0000000081800000, 0x0000000081700000| Untracked 
|  24|0x0000000081800000, 0x0000000081900000, 0x0000000081900000|100%| O|  |TAMS 0x0000000081900000, 0x0000000081800000| Untracked 
|  25|0x0000000081900000, 0x0000000081a00000, 0x0000000081a00000|100%| O|  |TAMS 0x0000000081a00000, 0x0000000081900000| Untracked 
|  26|0x0000000081a00000, 0x0000000081b00000, 0x0000000081b00000|100%| O|  |TAMS 0x0000000081b00000, 0x0000000081a00000| Untracked 
|  27|0x0000000081b00000, 0x0000000081c00000, 0x0000000081c00000|100%| O|  |TAMS 0x0000000081c00000, 0x0000000081b00000| Untracked 
|  28|0x0000000081c00000, 0x0000000081d00000, 0x0000000081d00000|100%| O|  |TAMS 0x0000000081d00000, 0x0000000081c00000| Untracked 
|  29|0x0000000081d00000, 0x0000000081e00000, 0x0000000081e00000|100%| O|  |TAMS 0x0000000081e00000, 0x0000000081d00000| Untracked 
|  30|0x0000000081e00000, 0x0000000081f00000, 0x0000000081f00000|100%| O|  |TAMS 0x0000000081f00000, 0x0000000081e00000| Untracked 
|  31|0x0000000081f00000, 0x0000000082000000, 0x0000000082000000|100%| O|  |TAMS 0x0000000082000000, 0x0000000081f00000| Untracked 
|  32|0x0000000082000000, 0x0000000082100000, 0x0000000082100000|100%| O|  |TAMS 0x0000000082100000, 0x0000000082000000| Untracked 
|  33|0x0000000082100000, 0x0000000082200000, 0x0000000082200000|100%| O|  |TAMS 0x0000000082200000, 0x0000000082100000| Untracked 
|  34|0x0000000082200000, 0x0000000082300000, 0x0000000082300000|100%| O|  |TAMS 0x0000000082300000, 0x0000000082200000| Untracked 
|  35|0x0000000082300000, 0x0000000082400000, 0x0000000082400000|100%| O|  |TAMS 0x0000000082400000, 0x0000000082300000| Untracked 
|  36|0x0000000082400000, 0x0000000082500000, 0x0000000082500000|100%| O|  |TAMS 0x0000000082500000, 0x0000000082400000| Untracked 
|  37|0x0000000082500000, 0x0000000082600000, 0x0000000082600000|100%| O|  |TAMS 0x0000000082600000, 0x0000000082500000| Untracked 
|  38|0x0000000082600000, 0x0000000082700000, 0x0000000082700000|100%| O|  |TAMS 0x0000000082700000, 0x0000000082600000| Untracked 
|  39|0x0000000082700000, 0x0000000082800000, 0x0000000082800000|100%| O|  |TAMS 0x0000000082800000, 0x0000000082700000| Untracked 
|  40|0x0000000082800000, 0x0000000082900000, 0x0000000082900000|100%| O|  |TAMS 0x0000000082900000, 0x0000000082800000| Untracked 
|  41|0x0000000082900000, 0x0000000082a00000, 0x0000000082a00000|100%| O|  |TAMS 0x0000000082a00000, 0x0000000082900000| Untracked 
|  42|0x0000000082a00000, 0x0000000082b00000, 0x0000000082b00000|100%| O|  |TAMS 0x0000000082b00000, 0x0000000082a00000| Untracked 
|  43|0x0000000082b00000, 0x0000000082c00000, 0x0000000082c00000|100%| O|  |TAMS 0x0000000082c00000, 0x0000000082b00000| Untracked 
|  44|0x0000000082c00000, 0x0000000082d00000, 0x0000000082d00000|100%| O|  |TAMS 0x0000000082d00000, 0x0000000082c00000| Untracked 
|  45|0x0000000082d00000, 0x0000000082e00000, 0x0000000082e00000|100%| O|  |TAMS 0x0000000082e00000, 0x0000000082d00000| Untracked 
|  46|0x0000000082e00000, 0x0000000082f00000, 0x0000000082f00000|100%| O|  |TAMS 0x0000000082f00000, 0x0000000082e00000| Untracked 
|  47|0x0000000082f00000, 0x0000000083000000, 0x0000000083000000|100%| O|  |TAMS 0x0000000083000000, 0x0000000082f00000| Untracked 
|  48|0x0000000083000000, 0x0000000083100000, 0x0000000083100000|100%| O|  |TAMS 0x0000000083100000, 0x0000000083000000| Untracked 
|  49|0x0000000083100000, 0x0000000083200000, 0x0000000083200000|100%| O|  |TAMS 0x0000000083200000, 0x0000000083100000| Untracked 
|  50|0x0000000083200000, 0x0000000083300000, 0x0000000083300000|100%| O|  |TAMS 0x0000000083300000, 0x0000000083200000| Untracked 
|  51|0x0000000083300000, 0x0000000083400000, 0x0000000083400000|100%| O|  |TAMS 0x0000000083400000, 0x0000000083300000| Untracked 
|  52|0x0000000083400000, 0x0000000083500000, 0x0000000083500000|100%| O|  |TAMS 0x0000000083500000, 0x0000000083400000| Untracked 
|  53|0x0000000083500000, 0x0000000083600000, 0x0000000083600000|100%| O|  |TAMS 0x0000000083600000, 0x0000000083500000| Untracked 
|  54|0x0000000083600000, 0x0000000083600000, 0x0000000083700000|  0%| F|  |TAMS 0x0000000083600000, 0x0000000083600000| Untracked 
|  55|0x0000000083700000, 0x0000000083700000, 0x0000000083800000|  0%| F|  |TAMS 0x0000000083700000, 0x0000000083700000| Untracked 
|  56|0x0000000083800000, 0x0000000083900000, 0x0000000083900000|100%| O|  |TAMS 0x0000000083900000, 0x0000000083800000| Untracked 
|  57|0x0000000083900000, 0x0000000083a00000, 0x0000000083a00000|100%| O|  |TAMS 0x0000000083a00000, 0x0000000083900000| Untracked 
|  58|0x0000000083a00000, 0x0000000083b00000, 0x0000000083b00000|100%| O|  |TAMS 0x0000000083b00000, 0x0000000083a00000| Untracked 
|  59|0x0000000083b00000, 0x0000000083c00000, 0x0000000083c00000|100%| O|  |TAMS 0x0000000083c00000, 0x0000000083b00000| Untracked 
|  60|0x0000000083c00000, 0x0000000083d00000, 0x0000000083d00000|100%| O|  |TAMS 0x0000000083d00000, 0x0000000083c00000| Untracked 
|  61|0x0000000083d00000, 0x0000000083e00000, 0x0000000083e00000|100%| O|  |TAMS 0x0000000083e00000, 0x0000000083d00000| Untracked 
|  62|0x0000000083e00000, 0x0000000083f00000, 0x0000000083f00000|100%| O|  |TAMS 0x0000000083f00000, 0x0000000083e00000| Untracked 
|  63|0x0000000083f00000, 0x0000000084000000, 0x0000000084000000|100%| O|  |TAMS 0x0000000084000000, 0x0000000083f00000| Untracked 
|  64|0x0000000084000000, 0x0000000084100000, 0x0000000084100000|100%| O|  |TAMS 0x0000000084100000, 0x0000000084000000| Untracked 
|  65|0x0000000084100000, 0x0000000084200000, 0x0000000084200000|100%| O|  |TAMS 0x0000000084200000, 0x0000000084100000| Untracked 
|  66|0x0000000084200000, 0x0000000084300000, 0x0000000084300000|100%| O|  |TAMS 0x0000000084300000, 0x0000000084200000| Untracked 
|  67|0x0000000084300000, 0x0000000084400000, 0x0000000084400000|100%| O|  |TAMS 0x0000000084400000, 0x0000000084300000| Untracked 
|  68|0x0000000084400000, 0x0000000084500000, 0x0000000084500000|100%| O|  |TAMS 0x0000000084500000, 0x0000000084400000| Untracked 
|  69|0x0000000084500000, 0x0000000084600000, 0x0000000084600000|100%| O|  |TAMS 0x0000000084600000, 0x0000000084500000| Untracked 
|  70|0x0000000084600000, 0x0000000084700000, 0x0000000084700000|100%| O|  |TAMS 0x0000000084700000, 0x0000000084600000| Untracked 
|  71|0x0000000084700000, 0x0000000084800000, 0x0000000084800000|100%| O|  |TAMS 0x0000000084800000, 0x0000000084700000| Untracked 
|  72|0x0000000084800000, 0x0000000084900000, 0x0000000084900000|100%| O|  |TAMS 0x0000000084900000, 0x0000000084800000| Untracked 
|  73|0x0000000084900000, 0x0000000084a00000, 0x0000000084a00000|100%| O|  |TAMS 0x0000000084a00000, 0x0000000084900000| Untracked 
|  74|0x0000000084a00000, 0x0000000084b00000, 0x0000000084b00000|100%| O|  |TAMS 0x0000000084b00000, 0x0000000084a00000| Untracked 
|  75|0x0000000084b00000, 0x0000000084c00000, 0x0000000084c00000|100%| O|  |TAMS 0x0000000084b00000, 0x0000000084b00000| Untracked 
|  76|0x0000000084c00000, 0x0000000084d00000, 0x0000000084d00000|100%| O|  |TAMS 0x0000000084c00000, 0x0000000084c00000| Untracked 
|  77|0x0000000084d00000, 0x0000000084e00000, 0x0000000084e00000|100%| O|  |TAMS 0x0000000084d00000, 0x0000000084d00000| Untracked 
|  78|0x0000000084e00000, 0x0000000084f00000, 0x0000000084f00000|100%| O|  |TAMS 0x0000000084e00000, 0x0000000084e00000| Untracked 
|  79|0x0000000084f00000, 0x0000000084f00000, 0x0000000085000000|  0%| F|  |TAMS 0x0000000084f00000, 0x0000000084f00000| Untracked 
|  80|0x0000000085000000, 0x0000000085000000, 0x0000000085100000|  0%| F|  |TAMS 0x0000000085000000, 0x0000000085000000| Untracked 
|  81|0x0000000085100000, 0x0000000085100000, 0x0000000085200000|  0%| F|  |TAMS 0x0000000085100000, 0x0000000085100000| Untracked 
|  82|0x0000000085200000, 0x0000000085200000, 0x0000000085300000|  0%| F|  |TAMS 0x0000000085200000, 0x0000000085200000| Untracked 
|  83|0x0000000085300000, 0x0000000085300000, 0x0000000085400000|  0%| F|  |TAMS 0x0000000085300000, 0x0000000085300000| Untracked 
|  84|0x0000000085400000, 0x0000000085400000, 0x0000000085500000|  0%| F|  |TAMS 0x0000000085400000, 0x0000000085400000| Untracked 
|  85|0x0000000085500000, 0x0000000085500000, 0x0000000085600000|  0%| F|  |TAMS 0x0000000085500000, 0x0000000085500000| Untracked 
|  86|0x0000000085600000, 0x0000000085600000, 0x0000000085700000|  0%| F|  |TAMS 0x0000000085600000, 0x0000000085600000| Untracked 
|  87|0x0000000085700000, 0x0000000085700000, 0x0000000085800000|  0%| F|  |TAMS 0x0000000085700000, 0x0000000085700000| Untracked 
|  88|0x0000000085800000, 0x0000000085900000, 0x0000000085900000|100%| O|  |TAMS 0x0000000085900000, 0x0000000085800000| Untracked 
|  89|0x0000000085900000, 0x0000000085a00000, 0x0000000085a00000|100%| O|  |TAMS 0x0000000085a00000, 0x0000000085900000| Untracked 
|  90|0x0000000085a00000, 0x0000000085b00000, 0x0000000085b00000|100%| O|  |TAMS 0x0000000085b00000, 0x0000000085a00000| Untracked 
|  91|0x0000000085b00000, 0x0000000085c00000, 0x0000000085c00000|100%| O|  |TAMS 0x0000000085c00000, 0x0000000085b00000| Untracked 
|  92|0x0000000085c00000, 0x0000000085d00000, 0x0000000085d00000|100%| O|  |TAMS 0x0000000085d00000, 0x0000000085c00000| Untracked 
|  93|0x0000000085d00000, 0x0000000085e00000, 0x0000000085e00000|100%| O|  |TAMS 0x0000000085e00000, 0x0000000085d00000| Untracked 
|  94|0x0000000085e00000, 0x0000000085f00000, 0x0000000085f00000|100%| O|  |TAMS 0x0000000085e2d800, 0x0000000085e00000| Untracked 
|  95|0x0000000085f00000, 0x0000000085f00000, 0x0000000086000000|  0%| F|  |TAMS 0x0000000085f00000, 0x0000000085f00000| Untracked 
|  96|0x0000000086000000, 0x0000000086000000, 0x0000000086100000|  0%| F|  |TAMS 0x0000000086000000, 0x0000000086000000| Untracked 
|  97|0x0000000086100000, 0x0000000086100000, 0x0000000086200000|  0%| F|  |TAMS 0x0000000086100000, 0x0000000086100000| Untracked 
|  98|0x0000000086200000, 0x0000000086200000, 0x0000000086300000|  0%| F|  |TAMS 0x0000000086200000, 0x0000000086200000| Untracked 
|  99|0x0000000086300000, 0x0000000086300000, 0x0000000086400000|  0%| F|  |TAMS 0x0000000086300000, 0x0000000086300000| Untracked 
| 100|0x0000000086400000, 0x0000000086400000, 0x0000000086500000|  0%| F|  |TAMS 0x0000000086400000, 0x0000000086400000| Untracked 
| 101|0x0000000086500000, 0x0000000086500000, 0x0000000086600000|  0%| F|  |TAMS 0x0000000086500000, 0x0000000086500000| Untracked 
| 102|0x0000000086600000, 0x0000000086700000, 0x0000000086700000|100%| O|  |TAMS 0x0000000086600000, 0x0000000086600000| Untracked 
| 103|0x0000000086700000, 0x00000000867ba000, 0x0000000086800000| 72%| O|  |TAMS 0x0000000086700000, 0x0000000086700000| Untracked 
| 104|0x0000000086800000, 0x0000000086900000, 0x0000000086900000|100%| O|  |TAMS 0x0000000086800000, 0x0000000086800000| Untracked 
| 105|0x0000000086900000, 0x0000000086a00000, 0x0000000086a00000|100%| O|  |TAMS 0x0000000086900000, 0x0000000086900000| Untracked 
| 106|0x0000000086a00000, 0x0000000086b00000, 0x0000000086b00000|100%| O|  |TAMS 0x0000000086a00000, 0x0000000086a00000| Untracked 
| 107|0x0000000086b00000, 0x0000000086c00000, 0x0000000086c00000|100%| O|  |TAMS 0x0000000086b00000, 0x0000000086b00000| Untracked 
| 108|0x0000000086c00000, 0x0000000086d00000, 0x0000000086d00000|100%| O|  |TAMS 0x0000000086c00000, 0x0000000086c00000| Untracked 
| 109|0x0000000086d00000, 0x0000000086d00000, 0x0000000086e00000|  0%| F|  |TAMS 0x0000000086d00000, 0x0000000086d00000| Untracked 
| 110|0x0000000086e00000, 0x0000000086e00000, 0x0000000086f00000|  0%| F|  |TAMS 0x0000000086e00000, 0x0000000086e00000| Untracked 
| 111|0x0000000086f00000, 0x0000000086f00000, 0x0000000087000000|  0%| F|  |TAMS 0x0000000086f00000, 0x0000000086f00000| Untracked 
| 112|0x0000000087000000, 0x0000000087000000, 0x0000000087100000|  0%| F|  |TAMS 0x0000000087000000, 0x0000000087000000| Untracked 
| 113|0x0000000087100000, 0x0000000087100000, 0x0000000087200000|  0%| F|  |TAMS 0x0000000087100000, 0x0000000087100000| Untracked 
| 114|0x0000000087200000, 0x0000000087200000, 0x0000000087300000|  0%| F|  |TAMS 0x0000000087200000, 0x0000000087200000| Untracked 
| 115|0x0000000087300000, 0x0000000087300000, 0x0000000087400000|  0%| F|  |TAMS 0x0000000087300000, 0x0000000087300000| Untracked 
| 116|0x0000000087400000, 0x0000000087400000, 0x0000000087500000|  0%| F|  |TAMS 0x0000000087400000, 0x0000000087400000| Untracked 
| 117|0x0000000087500000, 0x0000000087500000, 0x0000000087600000|  0%| F|  |TAMS 0x0000000087500000, 0x0000000087500000| Untracked 
| 118|0x0000000087600000, 0x0000000087600000, 0x0000000087700000|  0%| F|  |TAMS 0x0000000087600000, 0x0000000087600000| Untracked 
| 119|0x0000000087700000, 0x0000000087700000, 0x0000000087800000|  0%| F|  |TAMS 0x0000000087700000, 0x0000000087700000| Untracked 
| 120|0x0000000087800000, 0x0000000087800000, 0x0000000087900000|  0%| F|  |TAMS 0x0000000087800000, 0x0000000087800000| Untracked 
| 121|0x0000000087900000, 0x0000000087900000, 0x0000000087a00000|  0%| F|  |TAMS 0x0000000087900000, 0x0000000087900000| Untracked 
| 122|0x0000000087a00000, 0x0000000087a00000, 0x0000000087b00000|  0%| F|  |TAMS 0x0000000087a00000, 0x0000000087a00000| Untracked 
| 123|0x0000000087b00000, 0x0000000087b00000, 0x0000000087c00000|  0%| F|  |TAMS 0x0000000087b00000, 0x0000000087b00000| Untracked 
| 124|0x0000000087c00000, 0x0000000087c00000, 0x0000000087d00000|  0%| F|  |TAMS 0x0000000087c00000, 0x0000000087c00000| Untracked 
| 125|0x0000000087d00000, 0x0000000087d00000, 0x0000000087e00000|  0%| F|  |TAMS 0x0000000087d00000, 0x0000000087d00000| Untracked 
| 126|0x0000000087e00000, 0x0000000087e00000, 0x0000000087f00000|  0%| F|  |TAMS 0x0000000087e00000, 0x0000000087e00000| Untracked 
| 127|0x0000000087f00000, 0x0000000087f00000, 0x0000000088000000|  0%| F|  |TAMS 0x0000000087f00000, 0x0000000087f00000| Untracked 
| 128|0x0000000088000000, 0x0000000088000000, 0x0000000088100000|  0%| F|  |TAMS 0x0000000088000000, 0x0000000088000000| Untracked 
| 129|0x0000000088100000, 0x0000000088100000, 0x0000000088200000|  0%| F|  |TAMS 0x0000000088100000, 0x0000000088100000| Untracked 
| 130|0x0000000088200000, 0x0000000088200000, 0x0000000088300000|  0%| F|  |TAMS 0x0000000088200000, 0x0000000088200000| Untracked 
| 131|0x0000000088300000, 0x0000000088300000, 0x0000000088400000|  0%| F|  |TAMS 0x0000000088300000, 0x0000000088300000| Untracked 
| 132|0x0000000088400000, 0x0000000088400000, 0x0000000088500000|  0%| F|  |TAMS 0x0000000088400000, 0x0000000088400000| Untracked 
| 133|0x0000000088500000, 0x0000000088500000, 0x0000000088600000|  0%| F|  |TAMS 0x0000000088500000, 0x0000000088500000| Untracked 
| 134|0x0000000088600000, 0x0000000088600000, 0x0000000088700000|  0%| F|  |TAMS 0x0000000088600000, 0x0000000088600000| Untracked 
| 135|0x0000000088700000, 0x00000000887776d0, 0x0000000088800000| 46%| S|CS|TAMS 0x0000000088700000, 0x0000000088700000| Complete 
| 136|0x0000000088800000, 0x0000000088900000, 0x0000000088900000|100%| S|CS|TAMS 0x0000000088800000, 0x0000000088800000| Complete 
| 137|0x0000000088900000, 0x0000000088a00000, 0x0000000088a00000|100%| S|CS|TAMS 0x0000000088900000, 0x0000000088900000| Complete 
| 138|0x0000000088a00000, 0x0000000088a00000, 0x0000000088b00000|  0%| F|  |TAMS 0x0000000088a00000, 0x0000000088a00000| Untracked 
| 139|0x0000000088b00000, 0x0000000088b00000, 0x0000000088c00000|  0%| F|  |TAMS 0x0000000088b00000, 0x0000000088b00000| Untracked 
| 140|0x0000000088c00000, 0x0000000088c00000, 0x0000000088d00000|  0%| F|  |TAMS 0x0000000088c00000, 0x0000000088c00000| Untracked 
| 141|0x0000000088d00000, 0x0000000088d00000, 0x0000000088e00000|  0%| F|  |TAMS 0x0000000088d00000, 0x0000000088d00000| Untracked 
| 142|0x0000000088e00000, 0x0000000088e00000, 0x0000000088f00000|  0%| F|  |TAMS 0x0000000088e00000, 0x0000000088e00000| Untracked 
| 143|0x0000000088f00000, 0x0000000088f00000, 0x0000000089000000|  0%| F|  |TAMS 0x0000000088f00000, 0x0000000088f00000| Untracked 
| 144|0x0000000089000000, 0x0000000089000000, 0x0000000089100000|  0%| F|  |TAMS 0x0000000089000000, 0x0000000089000000| Untracked 
| 145|0x0000000089100000, 0x0000000089100000, 0x0000000089200000|  0%| F|  |TAMS 0x0000000089100000, 0x0000000089100000| Untracked 
| 146|0x0000000089200000, 0x0000000089200000, 0x0000000089300000|  0%| F|  |TAMS 0x0000000089200000, 0x0000000089200000| Untracked 
| 147|0x0000000089300000, 0x0000000089300000, 0x0000000089400000|  0%| F|  |TAMS 0x0000000089300000, 0x0000000089300000| Untracked 
| 148|0x0000000089400000, 0x0000000089400000, 0x0000000089500000|  0%| F|  |TAMS 0x0000000089400000, 0x0000000089400000| Untracked 
| 149|0x0000000089500000, 0x0000000089500000, 0x0000000089600000|  0%| F|  |TAMS 0x0000000089500000, 0x0000000089500000| Untracked 
| 150|0x0000000089600000, 0x0000000089600000, 0x0000000089700000|  0%| F|  |TAMS 0x0000000089600000, 0x0000000089600000| Untracked 
| 151|0x0000000089700000, 0x0000000089700000, 0x0000000089800000|  0%| F|  |TAMS 0x0000000089700000, 0x0000000089700000| Untracked 
| 152|0x0000000089800000, 0x0000000089800000, 0x0000000089900000|  0%| F|  |TAMS 0x0000000089800000, 0x0000000089800000| Untracked 
| 153|0x0000000089900000, 0x0000000089900000, 0x0000000089a00000|  0%| F|  |TAMS 0x0000000089900000, 0x0000000089900000| Untracked 
| 154|0x0000000089a00000, 0x0000000089a00000, 0x0000000089b00000|  0%| F|  |TAMS 0x0000000089a00000, 0x0000000089a00000| Untracked 
| 155|0x0000000089b00000, 0x0000000089b00000, 0x0000000089c00000|  0%| F|  |TAMS 0x0000000089b00000, 0x0000000089b00000| Untracked 
| 156|0x0000000089c00000, 0x0000000089c00000, 0x0000000089d00000|  0%| F|  |TAMS 0x0000000089c00000, 0x0000000089c00000| Untracked 
| 157|0x0000000089d00000, 0x0000000089d00000, 0x0000000089e00000|  0%| F|  |TAMS 0x0000000089d00000, 0x0000000089d00000| Untracked 
| 158|0x0000000089e00000, 0x0000000089e00000, 0x0000000089f00000|  0%| F|  |TAMS 0x0000000089e00000, 0x0000000089e00000| Untracked 
| 159|0x0000000089f00000, 0x0000000089f00000, 0x000000008a000000|  0%| F|  |TAMS 0x0000000089f00000, 0x0000000089f00000| Untracked 
| 160|0x000000008a000000, 0x000000008a000000, 0x000000008a100000|  0%| F|  |TAMS 0x000000008a000000, 0x000000008a000000| Untracked 
| 161|0x000000008a100000, 0x000000008a100000, 0x000000008a200000|  0%| F|  |TAMS 0x000000008a100000, 0x000000008a100000| Untracked 
| 162|0x000000008a200000, 0x000000008a200000, 0x000000008a300000|  0%| F|  |TAMS 0x000000008a200000, 0x000000008a200000| Untracked 
| 163|0x000000008a300000, 0x000000008a300000, 0x000000008a400000|  0%| F|  |TAMS 0x000000008a300000, 0x000000008a300000| Untracked 
| 164|0x000000008a400000, 0x000000008a400000, 0x000000008a500000|  0%| F|  |TAMS 0x000000008a400000, 0x000000008a400000| Untracked 
| 165|0x000000008a500000, 0x000000008a500000, 0x000000008a600000|  0%| F|  |TAMS 0x000000008a500000, 0x000000008a500000| Untracked 
| 166|0x000000008a600000, 0x000000008a600000, 0x000000008a700000|  0%| F|  |TAMS 0x000000008a600000, 0x000000008a600000| Untracked 
| 167|0x000000008a700000, 0x000000008a700000, 0x000000008a800000|  0%| F|  |TAMS 0x000000008a700000, 0x000000008a700000| Untracked 
| 168|0x000000008a800000, 0x000000008a800000, 0x000000008a900000|  0%| F|  |TAMS 0x000000008a800000, 0x000000008a800000| Untracked 
| 169|0x000000008a900000, 0x000000008a900000, 0x000000008aa00000|  0%| F|  |TAMS 0x000000008a900000, 0x000000008a900000| Untracked 
| 170|0x000000008aa00000, 0x000000008aa00000, 0x000000008ab00000|  0%| F|  |TAMS 0x000000008aa00000, 0x000000008aa00000| Untracked 
| 171|0x000000008ab00000, 0x000000008ab00000, 0x000000008ac00000|  0%| F|  |TAMS 0x000000008ab00000, 0x000000008ab00000| Untracked 
| 172|0x000000008ac00000, 0x000000008ac00000, 0x000000008ad00000|  0%| F|  |TAMS 0x000000008ac00000, 0x000000008ac00000| Untracked 
| 173|0x000000008ad00000, 0x000000008ad00000, 0x000000008ae00000|  0%| F|  |TAMS 0x000000008ad00000, 0x000000008ad00000| Untracked 
| 174|0x000000008ae00000, 0x000000008ae00000, 0x000000008af00000|  0%| F|  |TAMS 0x000000008ae00000, 0x000000008ae00000| Untracked 
| 175|0x000000008af00000, 0x000000008af00000, 0x000000008b000000|  0%| F|  |TAMS 0x000000008af00000, 0x000000008af00000| Untracked 
| 176|0x000000008b000000, 0x000000008b000000, 0x000000008b100000|  0%| F|  |TAMS 0x000000008b000000, 0x000000008b000000| Untracked 
| 177|0x000000008b100000, 0x000000008b100000, 0x000000008b200000|  0%| F|  |TAMS 0x000000008b100000, 0x000000008b100000| Untracked 
| 178|0x000000008b200000, 0x000000008b200000, 0x000000008b300000|  0%| F|  |TAMS 0x000000008b200000, 0x000000008b200000| Untracked 
| 179|0x000000008b300000, 0x000000008b300000, 0x000000008b400000|  0%| F|  |TAMS 0x000000008b300000, 0x000000008b300000| Untracked 
| 180|0x000000008b400000, 0x000000008b400000, 0x000000008b500000|  0%| F|  |TAMS 0x000000008b400000, 0x000000008b400000| Untracked 
| 181|0x000000008b500000, 0x000000008b500000, 0x000000008b600000|  0%| F|  |TAMS 0x000000008b500000, 0x000000008b500000| Untracked 
| 182|0x000000008b600000, 0x000000008b600000, 0x000000008b700000|  0%| F|  |TAMS 0x000000008b600000, 0x000000008b600000| Untracked 
| 183|0x000000008b700000, 0x000000008b700000, 0x000000008b800000|  0%| F|  |TAMS 0x000000008b700000, 0x000000008b700000| Untracked 
| 184|0x000000008b800000, 0x000000008b800000, 0x000000008b900000|  0%| F|  |TAMS 0x000000008b800000, 0x000000008b800000| Untracked 
| 185|0x000000008b900000, 0x000000008b900000, 0x000000008ba00000|  0%| F|  |TAMS 0x000000008b900000, 0x000000008b900000| Untracked 
| 186|0x000000008ba00000, 0x000000008ba00000, 0x000000008bb00000|  0%| F|  |TAMS 0x000000008ba00000, 0x000000008ba00000| Untracked 
| 187|0x000000008bb00000, 0x000000008bb00000, 0x000000008bc00000|  0%| F|  |TAMS 0x000000008bb00000, 0x000000008bb00000| Untracked 
| 188|0x000000008bc00000, 0x000000008bc00000, 0x000000008bd00000|  0%| F|  |TAMS 0x000000008bc00000, 0x000000008bc00000| Untracked 
| 189|0x000000008bd00000, 0x000000008bd00000, 0x000000008be00000|  0%| F|  |TAMS 0x000000008bd00000, 0x000000008bd00000| Untracked 
| 190|0x000000008be00000, 0x000000008be00000, 0x000000008bf00000|  0%| F|  |TAMS 0x000000008be00000, 0x000000008be00000| Untracked 
| 191|0x000000008bf00000, 0x000000008bf00000, 0x000000008c000000|  0%| F|  |TAMS 0x000000008bf00000, 0x000000008bf00000| Untracked 
| 192|0x000000008c000000, 0x000000008c000000, 0x000000008c100000|  0%| F|  |TAMS 0x000000008c000000, 0x000000008c000000| Untracked 
| 193|0x000000008c100000, 0x000000008c100000, 0x000000008c200000|  0%| F|  |TAMS 0x000000008c100000, 0x000000008c100000| Untracked 
| 194|0x000000008c200000, 0x000000008c200000, 0x000000008c300000|  0%| F|  |TAMS 0x000000008c200000, 0x000000008c200000| Untracked 
| 195|0x000000008c300000, 0x000000008c300000, 0x000000008c400000|  0%| F|  |TAMS 0x000000008c300000, 0x000000008c300000| Untracked 
| 196|0x000000008c400000, 0x000000008c400000, 0x000000008c500000|  0%| F|  |TAMS 0x000000008c400000, 0x000000008c400000| Untracked 
| 197|0x000000008c500000, 0x000000008c500000, 0x000000008c600000|  0%| F|  |TAMS 0x000000008c500000, 0x000000008c500000| Untracked 
| 198|0x000000008c600000, 0x000000008c600000, 0x000000008c700000|  0%| F|  |TAMS 0x000000008c600000, 0x000000008c600000| Untracked 
| 199|0x000000008c700000, 0x000000008c700000, 0x000000008c800000|  0%| F|  |TAMS 0x000000008c700000, 0x000000008c700000| Untracked 
| 200|0x000000008c800000, 0x000000008c800000, 0x000000008c900000|  0%| F|  |TAMS 0x000000008c800000, 0x000000008c800000| Untracked 
| 201|0x000000008c900000, 0x000000008c900000, 0x000000008ca00000|  0%| F|  |TAMS 0x000000008c900000, 0x000000008c900000| Untracked 
| 202|0x000000008ca00000, 0x000000008ca00000, 0x000000008cb00000|  0%| F|  |TAMS 0x000000008ca00000, 0x000000008ca00000| Untracked 
| 203|0x000000008cb00000, 0x000000008cb00000, 0x000000008cc00000|  0%| F|  |TAMS 0x000000008cb00000, 0x000000008cb00000| Untracked 
| 204|0x000000008cc00000, 0x000000008cc00000, 0x000000008cd00000|  0%| F|  |TAMS 0x000000008cc00000, 0x000000008cc00000| Untracked 
| 205|0x000000008cd00000, 0x000000008cd00000, 0x000000008ce00000|  0%| F|  |TAMS 0x000000008cd00000, 0x000000008cd00000| Untracked 
| 206|0x000000008ce00000, 0x000000008ce00000, 0x000000008cf00000|  0%| F|  |TAMS 0x000000008ce00000, 0x000000008ce00000| Untracked 
| 207|0x000000008cf00000, 0x000000008cf00000, 0x000000008d000000|  0%| F|  |TAMS 0x000000008cf00000, 0x000000008cf00000| Untracked 
| 208|0x000000008d000000, 0x000000008d000000, 0x000000008d100000|  0%| F|  |TAMS 0x000000008d000000, 0x000000008d000000| Untracked 
| 209|0x000000008d100000, 0x000000008d100000, 0x000000008d200000|  0%| F|  |TAMS 0x000000008d100000, 0x000000008d100000| Untracked 
| 210|0x000000008d200000, 0x000000008d200000, 0x000000008d300000|  0%| F|  |TAMS 0x000000008d200000, 0x000000008d200000| Untracked 
| 211|0x000000008d300000, 0x000000008d300000, 0x000000008d400000|  0%| F|  |TAMS 0x000000008d300000, 0x000000008d300000| Untracked 
| 212|0x000000008d400000, 0x000000008d400000, 0x000000008d500000|  0%| F|  |TAMS 0x000000008d400000, 0x000000008d400000| Untracked 
| 213|0x000000008d500000, 0x000000008d500000, 0x000000008d600000|  0%| F|  |TAMS 0x000000008d500000, 0x000000008d500000| Untracked 
| 214|0x000000008d600000, 0x000000008d600000, 0x000000008d700000|  0%| F|  |TAMS 0x000000008d600000, 0x000000008d600000| Untracked 
| 215|0x000000008d700000, 0x000000008d700000, 0x000000008d800000|  0%| F|  |TAMS 0x000000008d700000, 0x000000008d700000| Untracked 
| 216|0x000000008d800000, 0x000000008d800000, 0x000000008d900000|  0%| F|  |TAMS 0x000000008d800000, 0x000000008d800000| Untracked 
| 217|0x000000008d900000, 0x000000008d900000, 0x000000008da00000|  0%| F|  |TAMS 0x000000008d900000, 0x000000008d900000| Untracked 
| 218|0x000000008da00000, 0x000000008da00000, 0x000000008db00000|  0%| F|  |TAMS 0x000000008da00000, 0x000000008da00000| Untracked 
| 219|0x000000008db00000, 0x000000008db00000, 0x000000008dc00000|  0%| F|  |TAMS 0x000000008db00000, 0x000000008db00000| Untracked 
| 220|0x000000008dc00000, 0x000000008dc00000, 0x000000008dd00000|  0%| F|  |TAMS 0x000000008dc00000, 0x000000008dc00000| Untracked 
| 221|0x000000008dd00000, 0x000000008dd00000, 0x000000008de00000|  0%| F|  |TAMS 0x000000008dd00000, 0x000000008dd00000| Untracked 
| 222|0x000000008de00000, 0x000000008de00000, 0x000000008df00000|  0%| F|  |TAMS 0x000000008de00000, 0x000000008de00000| Untracked 
| 223|0x000000008df00000, 0x000000008df00000, 0x000000008e000000|  0%| F|  |TAMS 0x000000008df00000, 0x000000008df00000| Untracked 
| 224|0x000000008e000000, 0x000000008e000000, 0x000000008e100000|  0%| F|  |TAMS 0x000000008e000000, 0x000000008e000000| Untracked 
| 225|0x000000008e100000, 0x000000008e100000, 0x000000008e200000|  0%| F|  |TAMS 0x000000008e100000, 0x000000008e100000| Untracked 
| 226|0x000000008e200000, 0x000000008e200000, 0x000000008e300000|  0%| F|  |TAMS 0x000000008e200000, 0x000000008e200000| Untracked 
| 227|0x000000008e300000, 0x000000008e300000, 0x000000008e400000|  0%| F|  |TAMS 0x000000008e300000, 0x000000008e300000| Untracked 
| 228|0x000000008e400000, 0x000000008e400000, 0x000000008e500000|  0%| F|  |TAMS 0x000000008e400000, 0x000000008e400000| Untracked 
| 229|0x000000008e500000, 0x000000008e500000, 0x000000008e600000|  0%| F|  |TAMS 0x000000008e500000, 0x000000008e500000| Untracked 
| 230|0x000000008e600000, 0x000000008e600000, 0x000000008e700000|  0%| F|  |TAMS 0x000000008e600000, 0x000000008e600000| Untracked 
| 231|0x000000008e700000, 0x000000008e700000, 0x000000008e800000|  0%| F|  |TAMS 0x000000008e700000, 0x000000008e700000| Untracked 
| 232|0x000000008e800000, 0x000000008e800000, 0x000000008e900000|  0%| F|  |TAMS 0x000000008e800000, 0x000000008e800000| Untracked 
| 233|0x000000008e900000, 0x000000008e900000, 0x000000008ea00000|  0%| F|  |TAMS 0x000000008e900000, 0x000000008e900000| Untracked 
| 234|0x000000008ea00000, 0x000000008ea00000, 0x000000008eb00000|  0%| F|  |TAMS 0x000000008ea00000, 0x000000008ea00000| Untracked 
| 235|0x000000008eb00000, 0x000000008eb00000, 0x000000008ec00000|  0%| F|  |TAMS 0x000000008eb00000, 0x000000008eb00000| Untracked 
| 236|0x000000008ec00000, 0x000000008ec00000, 0x000000008ed00000|  0%| F|  |TAMS 0x000000008ec00000, 0x000000008ec00000| Untracked 
| 237|0x000000008ed00000, 0x000000008ed00000, 0x000000008ee00000|  0%| F|  |TAMS 0x000000008ed00000, 0x000000008ed00000| Untracked 
| 238|0x000000008ee00000, 0x000000008ee00000, 0x000000008ef00000|  0%| F|  |TAMS 0x000000008ee00000, 0x000000008ee00000| Untracked 
| 239|0x000000008ef00000, 0x000000008ef00000, 0x000000008f000000|  0%| F|  |TAMS 0x000000008ef00000, 0x000000008ef00000| Untracked 
| 240|0x000000008f000000, 0x000000008f000000, 0x000000008f100000|  0%| F|  |TAMS 0x000000008f000000, 0x000000008f000000| Untracked 
| 241|0x000000008f100000, 0x000000008f100000, 0x000000008f200000|  0%| F|  |TAMS 0x000000008f100000, 0x000000008f100000| Untracked 
| 242|0x000000008f200000, 0x000000008f200000, 0x000000008f300000|  0%| F|  |TAMS 0x000000008f200000, 0x000000008f200000| Untracked 
| 243|0x000000008f300000, 0x000000008f300000, 0x000000008f400000|  0%| F|  |TAMS 0x000000008f300000, 0x000000008f300000| Untracked 
| 244|0x000000008f400000, 0x000000008f400000, 0x000000008f500000|  0%| F|  |TAMS 0x000000008f400000, 0x000000008f400000| Untracked 
| 245|0x000000008f500000, 0x000000008f500000, 0x000000008f600000|  0%| F|  |TAMS 0x000000008f500000, 0x000000008f500000| Untracked 
| 246|0x000000008f600000, 0x000000008f600000, 0x000000008f700000|  0%| F|  |TAMS 0x000000008f600000, 0x000000008f600000| Untracked 
| 247|0x000000008f700000, 0x000000008f700000, 0x000000008f800000|  0%| F|  |TAMS 0x000000008f700000, 0x000000008f700000| Untracked 
| 248|0x000000008f800000, 0x000000008f800000, 0x000000008f900000|  0%| F|  |TAMS 0x000000008f800000, 0x000000008f800000| Untracked 
| 249|0x000000008f900000, 0x000000008f900000, 0x000000008fa00000|  0%| F|  |TAMS 0x000000008f900000, 0x000000008f900000| Untracked 
| 250|0x000000008fa00000, 0x000000008fafb1d0, 0x000000008fb00000| 98%| E|  |TAMS 0x000000008fa00000, 0x000000008fa00000| Complete 
| 251|0x000000008fb00000, 0x000000008fc00000, 0x000000008fc00000|100%| E|CS|TAMS 0x000000008fb00000, 0x000000008fb00000| Complete 
| 252|0x000000008fc00000, 0x000000008fd00000, 0x000000008fd00000|100%| E|CS|TAMS 0x000000008fc00000, 0x000000008fc00000| Complete 
| 253|0x000000008fd00000, 0x000000008fe00000, 0x000000008fe00000|100%| E|CS|TAMS 0x000000008fd00000, 0x000000008fd00000| Complete 
| 254|0x000000008fe00000, 0x000000008ff00000, 0x000000008ff00000|100%| E|CS|TAMS 0x000000008fe00000, 0x000000008fe00000| Complete 
| 255|0x000000008ff00000, 0x0000000090000000, 0x0000000090000000|100%| E|CS|TAMS 0x000000008ff00000, 0x000000008ff00000| Complete 

Card table byte_map: [0x000001d9f24c0000,0x000001d9f28c0000] _byte_map_base: 0x000001d9f20c0000

Marking Bits (Prev, Next): (CMBitMap*) 0x000001d9df08d270, (CMBitMap*) 0x000001d9df08d238
 Prev Bits: [0x000001d9f4cc0000, 0x000001d9f6cc0000)
 Next Bits: [0x000001d9f2cc0000, 0x000001d9f4cc0000)

Polling page: 0x000001d9dd010000

Metaspace:

Usage:
  Non-class:    102.33 MB capacity,   100.10 MB ( 98%) used,     1.78 MB (  2%) free+waste,   459.63 KB ( <1%) overhead. 
      Class:     16.12 MB capacity,    14.67 MB ( 91%) used,     1.24 MB (  8%) free+waste,   210.06 KB (  1%) overhead. 
       Both:    118.45 MB capacity,   114.78 MB ( 97%) used,     3.02 MB (  3%) free+waste,   669.69 KB ( <1%) overhead. 

Virtual space:
  Non-class space:      104.00 MB reserved,     102.51 MB ( 99%) committed 
      Class space:        1.00 GB reserved,      16.13 MB (  2%) committed 
             Both:        1.10 GB reserved,     118.63 MB ( 11%) committed 

Chunk freelists:
   Non-Class:  55.00 KB
       Class:  5.00 KB
        Both:  60.00 KB

MaxMetaspaceSize: 17179869184.00 GB
CompressedClassSpaceSize: 1.00 GB
Initial GC threshold: 20.80 MB
Current GC threshold: 188.55 MB
CDS: off

CodeHeap 'non-profiled nmethods': size=120000Kb used=12629Kb max_used=12629Kb free=107370Kb
 bounds [0x000001d9ea640000, 0x000001d9eb2a0000, 0x000001d9f1b70000]
CodeHeap 'profiled nmethods': size=120000Kb used=39568Kb max_used=39568Kb free=80431Kb
 bounds [0x000001d9e3110000, 0x000001d9e57c0000, 0x000001d9ea640000]
CodeHeap 'non-nmethods': size=5760Kb used=2438Kb max_used=2488Kb free=3321Kb
 bounds [0x000001d9e2b70000, 0x000001d9e2e00000, 0x000001d9e3110000]
 total_blobs=19562 nmethods=18597 adapters=875
 compilation: enabled
              stopped_count=0, restarted_count=0
 full_count=0

Compilation events (20 events):
Event: 679.308 Thread 0x000001d9fa219000 nmethod 19541 0x000001d9e57a9990 code [0x000001d9e57a9c20, 0x000001d9e57aa878]
Event: 679.308 Thread 0x000001d9fa219000 19540       3       java.lang.invoke.DelegatingMethodHandle::whichKind (40 bytes)
Event: 679.308 Thread 0x000001d9fa219000 nmethod 19540 0x000001d9e57aac90 code [0x000001d9e57aae40, 0x000001d9e57aafb8]
Event: 679.308 Thread 0x000001d9fa219000 19542       3       org.gradle.api.internal.artifacts.dependencies.AbstractExternalModuleDependency::getVersion (11 bytes)
Event: 679.308 Thread 0x000001d9fa219000 nmethod 19542 0x000001d9e57ab090 code [0x000001d9e57ab280, 0x000001d9e57ab7d8]
Event: 679.308 Thread 0x000001d9fa219000 19543       3       org.gradle.api.internal.artifacts.dependencies.DefaultMutableVersionConstraint::getVersion (22 bytes)
Event: 679.309 Thread 0x000001d9fa219000 nmethod 19543 0x000001d9e57aba10 code [0x000001d9e57abbc0, 0x000001d9e57abdd8]
Event: 679.309 Thread 0x000001d9fa219000 19544       3       com.google.common.base.Strings::emptyToNull (5 bytes)
Event: 679.309 Thread 0x000001d9fa219000 nmethod 19544 0x000001d9e57abf10 code [0x000001d9e57ac0e0, 0x000001d9e57ac438]
Event: 679.309 Thread 0x000001d9fa219000 19545       3       com.google.common.base.Platform::emptyToNull (13 bytes)
Event: 679.309 Thread 0x000001d9fa219000 nmethod 19545 0x000001d9e57ac590 code [0x000001d9e57ac760, 0x000001d9e57aca58]
Event: 679.309 Thread 0x000001d9fa219000 19546       3       org.gradle.api.internal.artifacts.configurations.DefaultConfiguration$ArtifactViewConfiguration::componentFilter (6 bytes)
Event: 679.309 Thread 0x000001d9fa219000 nmethod 19546 0x000001d9e57acb90 code [0x000001d9e57acd60, 0x000001d9e57ad108]
Event: 679.309 Thread 0x000001d9fa219000 19547       1       org.gradle.internal.component.local.model.DslOriginDependencyMetadataWrapper::isTransitive (5 bytes)
Event: 679.309 Thread 0x000001d9fa219000 nmethod 19547 0x000001d9eb28f090 code [0x000001d9eb28f240, 0x000001d9eb28f2f8]
Event: 679.316 Thread 0x000001d9fa219000 19549       3       org.gradle.internal.snapshot.impl.DefaultIsolatableFactory$IsolatableVisitor::integerValue (9 bytes)
Event: 679.317 Thread 0x000001d9fa219000 nmethod 19549 0x000001d9e57ad290 code [0x000001d9e57ad460, 0x000001d9e57ad798]
Event: 679.317 Thread 0x000001d9fc0ac800 19548       4       java.util.Collections$EmptyMap::keySet (4 bytes)
Event: 679.317 Thread 0x000001d9fc0ac800 nmethod 19548 0x000001d9eb28f390 code [0x000001d9eb28f520, 0x000001d9eb28f598]
Event: 679.317 Thread 0x000001d9fc0ac800 19550       4       org.gradle.internal.component.external.model.AbstractConfigurationMetadata::<init> (74 bytes)

GC Heap History (20 events):
Event: 5.256 GC heap before
{Heap before GC invocations=11 (full 0):
 garbage-first heap   total 262144K, used 190030K [0x0000000080000000, 0x0000000100000000)
  region size 1024K, 153 young (156672K), 20 survivors (20480K)
 Metaspace       used 81197K, capacity 83273K, committed 83464K, reserved 1122304K
  class space    used 10676K, capacity 11488K, committed 11520K, reserved 1048576K
}
Event: 5.266 GC heap after
{Heap after GC invocations=12 (full 0):
 garbage-first heap   total 262144K, used 64773K [0x0000000080000000, 0x0000000100000000)
  region size 1024K, 20 young (20480K), 20 survivors (20480K)
 Metaspace       used 81197K, capacity 83273K, committed 83464K, reserved 1122304K
  class space    used 10676K, capacity 11488K, committed 11520K, reserved 1048576K
}
Event: 5.684 GC heap before
{Heap before GC invocations=12 (full 0):
 garbage-first heap   total 262144K, used 199941K [0x0000000080000000, 0x0000000100000000)
  region size 1024K, 153 young (156672K), 20 survivors (20480K)
 Metaspace       used 83300K, capacity 85727K, committed 85896K, reserved 1124352K
  class space    used 10934K, capacity 11857K, committed 11904K, reserved 1048576K
}
Event: 5.694 GC heap after
{Heap after GC invocations=13 (full 0):
 garbage-first heap   total 262144K, used 74752K [0x0000000080000000, 0x0000000100000000)
  region size 1024K, 19 young (19456K), 19 survivors (19456K)
 Metaspace       used 83300K, capacity 85727K, committed 85896K, reserved 1124352K
  class space    used 10934K, capacity 11857K, committed 11904K, reserved 1048576K
}
Event: 6.525 GC heap before
{Heap before GC invocations=13 (full 0):
 garbage-first heap   total 262144K, used 209920K [0x0000000080000000, 0x0000000100000000)
  region size 1024K, 150 young (153600K), 19 survivors (19456K)
 Metaspace       used 92859K, capacity 95636K, committed 95880K, reserved 1132544K
  class space    used 12097K, capacity 13175K, committed 13184K, reserved 1048576K
}
Event: 6.535 GC heap after
{Heap after GC invocations=14 (full 0):
 garbage-first heap   total 262144K, used 83993K [0x0000000080000000, 0x0000000100000000)
  region size 1024K, 18 young (18432K), 18 survivors (18432K)
 Metaspace       used 92859K, capacity 95636K, committed 95880K, reserved 1132544K
  class space    used 12097K, capacity 13175K, committed 13184K, reserved 1048576K
}
Event: 6.821 GC heap before
{Heap before GC invocations=14 (full 0):
 garbage-first heap   total 262144K, used 158745K [0x0000000080000000, 0x0000000100000000)
  region size 1024K, 93 young (95232K), 18 survivors (18432K)
 Metaspace       used 97808K, capacity 100870K, committed 100920K, reserved 1136640K
  class space    used 12810K, capacity 13952K, committed 13952K, reserved 1048576K
}
Event: 6.829 GC heap after
{Heap after GC invocations=15 (full 0):
 garbage-first heap   total 262144K, used 85981K [0x0000000080000000, 0x0000000100000000)
  region size 1024K, 12 young (12288K), 12 survivors (12288K)
 Metaspace       used 97808K, capacity 100870K, committed 100920K, reserved 1136640K
  class space    used 12810K, capacity 13952K, committed 13952K, reserved 1048576K
}
Event: 7.735 GC heap before
{Heap before GC invocations=16 (full 0):
 garbage-first heap   total 262144K, used 227293K [0x0000000080000000, 0x0000000100000000)
  region size 1024K, 136 young (139264K), 12 survivors (12288K)
 Metaspace       used 111704K, capacity 115448K, committed 115592K, reserved 1148928K
  class space    used 14945K, capacity 16432K, committed 16512K, reserved 1048576K
}
Event: 7.742 GC heap after
{Heap after GC invocations=17 (full 0):
 garbage-first heap   total 262144K, used 91546K [0x0000000080000000, 0x0000000100000000)
  region size 1024K, 11 young (11264K), 11 survivors (11264K)
 Metaspace       used 111704K, capacity 115448K, committed 115592K, reserved 1148928K
  class space    used 14945K, capacity 16432K, committed 16512K, reserved 1048576K
}
Event: 486.231 GC heap before
{Heap before GC invocations=18 (full 0):
 garbage-first heap   total 262144K, used 215450K [0x0000000080000000, 0x0000000100000000)
  region size 1024K, 131 young (134144K), 11 survivors (11264K)
 Metaspace       used 112887K, capacity 116429K, committed 117128K, reserved 1150976K
  class space    used 14862K, capacity 16237K, committed 16512K, reserved 1048576K
}
Event: 486.239 GC heap after
{Heap after GC invocations=19 (full 0):
 garbage-first heap   total 262144K, used 101229K [0x0000000080000000, 0x0000000100000000)
  region size 1024K, 14 young (14336K), 14 survivors (14336K)
 Metaspace       used 112887K, capacity 116429K, committed 117128K, reserved 1150976K
  class space    used 14862K, capacity 16237K, committed 16512K, reserved 1048576K
}
Event: 486.732 GC heap before
{Heap before GC invocations=19 (full 0):
 garbage-first heap   total 262144K, used 231277K [0x0000000080000000, 0x0000000100000000)
  region size 1024K, 124 young (126976K), 14 survivors (14336K)
 Metaspace       used 114290K, capacity 117887K, committed 118152K, reserved 1150976K
  class space    used 14923K, capacity 16341K, committed 16512K, reserved 1048576K
}
Event: 486.737 GC heap after
{Heap after GC invocations=20 (full 0):
 garbage-first heap   total 262144K, used 99760K [0x0000000080000000, 0x0000000100000000)
  region size 1024K, 9 young (9216K), 9 survivors (9216K)
 Metaspace       used 114290K, capacity 117887K, committed 118152K, reserved 1150976K
  class space    used 14923K, capacity 16341K, committed 16512K, reserved 1048576K
}
Event: 531.939 GC heap before
{Heap before GC invocations=20 (full 0):
 garbage-first heap   total 262144K, used 221616K [0x0000000080000000, 0x0000000100000000)
  region size 1024K, 125 young (128000K), 9 survivors (9216K)
 Metaspace       used 115122K, capacity 118717K, committed 118920K, reserved 1153024K
  class space    used 14957K, capacity 16399K, committed 16512K, reserved 1048576K
}
Event: 531.945 GC heap after
{Heap after GC invocations=21 (full 0):
 garbage-first heap   total 262144K, used 104849K [0x0000000080000000, 0x0000000100000000)
  region size 1024K, 12 young (12288K), 12 survivors (12288K)
 Metaspace       used 115122K, capacity 118717K, committed 118920K, reserved 1153024K
  class space    used 14957K, capacity 16399K, committed 16512K, reserved 1048576K
}
Event: 625.268 GC heap before
{Heap before GC invocations=21 (full 0):
 garbage-first heap   total 262144K, used 229777K [0x0000000080000000, 0x0000000100000000)
  region size 1024K, 119 young (121856K), 12 survivors (12288K)
 Metaspace       used 116223K, capacity 119913K, committed 120200K, reserved 1153024K
  class space    used 14961K, capacity 16405K, committed 16512K, reserved 1048576K
}
Event: 625.270 GC heap after
{Heap after GC invocations=22 (full 0):
 garbage-first heap   total 262144K, used 95563K [0x0000000080000000, 0x0000000100000000)
  region size 1024K, 3 young (3072K), 3 survivors (3072K)
 Metaspace       used 116223K, capacity 119913K, committed 120200K, reserved 1153024K
  class space    used 14961K, capacity 16405K, committed 16512K, reserved 1048576K
}
Event: 668.612 GC heap before
{Heap before GC invocations=22 (full 0):
 garbage-first heap   total 262144K, used 233803K [0x0000000080000000, 0x0000000100000000)
  region size 1024K, 122 young (124928K), 3 survivors (3072K)
 Metaspace       used 116877K, capacity 120706K, committed 120968K, reserved 1155072K
  class space    used 14998K, capacity 16475K, committed 16512K, reserved 1048576K
}
Event: 668.613 GC heap after
{Heap after GC invocations=23 (full 0):
 garbage-first heap   total 262144K, used 98129K [0x0000000080000000, 0x0000000100000000)
  region size 1024K, 4 young (4096K), 4 survivors (4096K)
 Metaspace       used 116877K, capacity 120706K, committed 120968K, reserved 1155072K
  class space    used 14998K, capacity 16475K, committed 16512K, reserved 1048576K
}

Deoptimization events (20 events):
Event: 668.664 Thread 0x000001d9fcf07000 DEOPT PACKING pc=0x000001d9e50b2eb0 sp=0x0000004d072f8d40
Event: 668.664 Thread 0x000001d9fcf07000 DEOPT UNPACKING pc=0x000001d9e2bba95e sp=0x0000004d072f8260 mode 0
Event: 668.681 Thread 0x000001d9fcf07000 Uncommon trap: trap_request=0xffffffde fr.pc=0x000001d9eac1f2f8 relative=0x00000000000000b8
Event: 668.681 Thread 0x000001d9fcf07000 Uncommon trap: reason=class_check action=maybe_recompile pc=0x000001d9eac1f2f8 method=java.util.stream.ReferencePipeline$4$1.accept(Ljava/lang/Object;)V @ 12 c2
Event: 668.681 Thread 0x000001d9fcf07000 DEOPT PACKING pc=0x000001d9eac1f2f8 sp=0x0000004d072fb560
Event: 668.681 Thread 0x000001d9fcf07000 DEOPT UNPACKING pc=0x000001d9e2bba1af sp=0x0000004d072fb4e0 mode 2
Event: 668.735 Thread 0x000001d982ddc800 DEOPT PACKING pc=0x000001d9e44ed8e7 sp=0x0000004d114fba10
Event: 668.735 Thread 0x000001d982ddc800 DEOPT UNPACKING pc=0x000001d9e2bba95e sp=0x0000004d114fafe8 mode 0
Event: 668.788 Thread 0x000001d982de2000 DEOPT PACKING pc=0x000001d9e44ed8e7 sp=0x0000004d11bfb540
Event: 668.788 Thread 0x000001d982de2000 DEOPT UNPACKING pc=0x000001d9e2bba95e sp=0x0000004d11bfab18 mode 0
Event: 668.834 Thread 0x000001d983275000 DEOPT PACKING pc=0x000001d9e49d8a9a sp=0x0000004d0f1ff130
Event: 668.834 Thread 0x000001d983275000 DEOPT UNPACKING pc=0x000001d9e2bba95e sp=0x0000004d0f1fe5d0 mode 0
Event: 675.696 Thread 0x000001d9fcf07000 DEOPT PACKING pc=0x000001d9e35a2211 sp=0x0000004d072f8dd0
Event: 675.696 Thread 0x000001d9fcf07000 DEOPT UNPACKING pc=0x000001d9e2bba95e sp=0x0000004d072f82a8 mode 0
Event: 675.755 Thread 0x000001d9fcf07000 DEOPT PACKING pc=0x000001d9e3ee975a sp=0x0000004d072f8b70
Event: 675.755 Thread 0x000001d9fcf07000 DEOPT UNPACKING pc=0x000001d9e2bba95e sp=0x0000004d072f8090 mode 0
Event: 675.760 Thread 0x000001d9fcf07000 DEOPT PACKING pc=0x000001d9e3ee975a sp=0x0000004d072f8a90
Event: 675.760 Thread 0x000001d9fcf07000 DEOPT UNPACKING pc=0x000001d9e2bba95e sp=0x0000004d072f7fb0 mode 0
Event: 675.965 Thread 0x000001d985a8c000 DEOPT PACKING pc=0x000001d9e49d8a9a sp=0x0000004d0c3ff650
Event: 675.965 Thread 0x000001d985a8c000 DEOPT UNPACKING pc=0x000001d9e2bba95e sp=0x0000004d0c3feaf0 mode 0

Classes redefined (0 events):
No events

Internal exceptions (20 events):
Event: 668.629 Thread 0x000001d9fcf07000 Exception <a 'sun/nio/fs/WindowsException'{0x000000008fb7c228}> (0x000000008fb7c228) thrown at [./src/hotspot/share/prims/jni.cpp, line 616]
Event: 668.647 Thread 0x000001d9fcf07000 Exception <a 'java/lang/NoClassDefFoundError'{0x000000008f7249b8}: org/jetbrains/kotlin/gradle/plugin/KotlinBasePluginWrapper> (0x000000008f7249b8) thrown at [./src/hotspot/share/oops/constantPool.cpp, line 775]
Event: 668.660 Thread 0x000001d9fcf07000 Exception <a 'sun/nio/fs/WindowsException'{0x000000008f65bca8}> (0x000000008f65bca8) thrown at [./src/hotspot/share/prims/jni.cpp, line 616]
Event: 668.663 Thread 0x000001d9fcf07000 Exception <a 'sun/nio/fs/WindowsException'{0x000000008f6f7560}> (0x000000008f6f7560) thrown at [./src/hotspot/share/prims/jni.cpp, line 616]
Event: 668.663 Thread 0x000001d9fcf07000 Exception <a 'sun/nio/fs/WindowsException'{0x000000008f6f87d8}> (0x000000008f6f87d8) thrown at [./src/hotspot/share/prims/jni.cpp, line 616]
Event: 668.663 Thread 0x000001d9fcf07000 Exception <a 'sun/nio/fs/WindowsException'{0x000000008f6f9af8}> (0x000000008f6f9af8) thrown at [./src/hotspot/share/prims/jni.cpp, line 616]
Event: 668.663 Thread 0x000001d9fcf07000 Exception <a 'sun/nio/fs/WindowsException'{0x000000008f6fae18}> (0x000000008f6fae18) thrown at [./src/hotspot/share/prims/jni.cpp, line 616]
Event: 668.814 Thread 0x000001d9fcf07000 Exception <a 'sun/nio/fs/WindowsException'{0x000000008f2cfa18}> (0x000000008f2cfa18) thrown at [./src/hotspot/share/prims/jni.cpp, line 616]
Event: 668.814 Thread 0x000001d9fcf07000 Exception <a 'sun/nio/fs/WindowsException'{0x000000008f2cfa98}> (0x000000008f2cfa98) thrown at [./src/hotspot/share/prims/jni.cpp, line 616]
Event: 668.814 Thread 0x000001d9fcf07000 Exception <a 'sun/nio/fs/WindowsException'{0x000000008f2d1368}> (0x000000008f2d1368) thrown at [./src/hotspot/share/prims/jni.cpp, line 616]
Event: 675.705 Thread 0x000001d9fcf07000 Exception <a 'sun/nio/fs/WindowsException'{0x000000008bb2c3c0}> (0x000000008bb2c3c0) thrown at [./src/hotspot/share/prims/jni.cpp, line 616]
Event: 675.729 Thread 0x000001d9fcf07000 Exception <a 'java/lang/NoClassDefFoundError'{0x000000008b8ef500}: org/jetbrains/kotlin/gradle/plugin/KotlinBasePluginWrapper> (0x000000008b8ef500) thrown at [./src/hotspot/share/oops/constantPool.cpp, line 775]
Event: 675.754 Thread 0x000001d9fcf07000 Exception <a 'sun/nio/fs/WindowsException'{0x000000008b5a2e18}> (0x000000008b5a2e18) thrown at [./src/hotspot/share/prims/jni.cpp, line 616]
Event: 675.758 Thread 0x000001d9fcf07000 Exception <a 'sun/nio/fs/WindowsException'{0x000000008b441ae8}> (0x000000008b441ae8) thrown at [./src/hotspot/share/prims/jni.cpp, line 616]
Event: 675.758 Thread 0x000001d9fcf07000 Exception <a 'sun/nio/fs/WindowsException'{0x000000008b442d60}> (0x000000008b442d60) thrown at [./src/hotspot/share/prims/jni.cpp, line 616]
Event: 675.758 Thread 0x000001d9fcf07000 Exception <a 'sun/nio/fs/WindowsException'{0x000000008b444080}> (0x000000008b444080) thrown at [./src/hotspot/share/prims/jni.cpp, line 616]
Event: 675.758 Thread 0x000001d9fcf07000 Exception <a 'sun/nio/fs/WindowsException'{0x000000008b4453a0}> (0x000000008b4453a0) thrown at [./src/hotspot/share/prims/jni.cpp, line 616]
Event: 675.942 Thread 0x000001d9fcf07000 Exception <a 'sun/nio/fs/WindowsException'{0x000000008b29e2a0}> (0x000000008b29e2a0) thrown at [./src/hotspot/share/prims/jni.cpp, line 616]
Event: 675.943 Thread 0x000001d9fcf07000 Exception <a 'sun/nio/fs/WindowsException'{0x000000008b29e320}> (0x000000008b29e320) thrown at [./src/hotspot/share/prims/jni.cpp, line 616]
Event: 675.943 Thread 0x000001d9fcf07000 Exception <a 'sun/nio/fs/WindowsException'{0x000000008b29fbf0}> (0x000000008b29fbf0) thrown at [./src/hotspot/share/prims/jni.cpp, line 616]

Events (20 events):
Event: 675.996 Executing VM operation: RevokeBias done
Event: 675.996 Executing VM operation: RevokeBias
Event: 675.996 Executing VM operation: RevokeBias done
Event: 675.997 Thread 0x000001d982de0000 Thread exited: 0x000001d982de0000
Event: 679.277 Thread 0x000001d9fcf04800 Thread added: 0x000001d9fcf04800
Event: 679.278 Thread 0x000001d9fcf01800 Thread added: 0x000001d9fcf01800
Event: 679.278 Thread 0x000001d985f6b800 Thread exited: 0x000001d985f6b800
Event: 679.278 Thread 0x000001d9fc0ac800 Thread exited: 0x000001d9fc0ac800
Event: 679.281 Thread 0x000001d9fcf02000 Thread added: 0x000001d9fcf02000
Event: 679.281 Thread 0x000001d9fcf08000 Thread added: 0x000001d9fcf08000
Event: 679.281 Thread 0x000001d9fcf08800 Thread added: 0x000001d9fcf08800
Event: 679.289 Thread 0x000001d9fcf06000 Thread added: 0x000001d9fcf06000
Event: 679.290 Thread 0x000001d9fcf03000 Thread added: 0x000001d9fcf03000
Event: 679.292 Thread 0x000001d9fcf04000 Thread added: 0x000001d9fcf04000
Event: 679.292 Thread 0x000001d9fcf0f000 Thread added: 0x000001d9fcf0f000
Event: 679.295 Executing VM operation: BulkRevokeBias
Event: 679.296 Executing VM operation: BulkRevokeBias done
Event: 679.296 Thread 0x000001d9fcf0d800 Thread added: 0x000001d9fcf0d800
Event: 679.306 Thread 0x000001d9fcf0e800 Thread added: 0x000001d9fcf0e800
Event: 679.317 Thread 0x000001d9fc0ac800 Thread added: 0x000001d9fc0ac800


Dynamic libraries:
0x00007ff707600000 - 0x00007ff70760a000 	F:\AndroidStudio\jre\bin\java.exe
0x00007ffb11890000 - 0x00007ffb11a88000 	C:\Windows\SYSTEM32\ntdll.dll
0x00007ffb0fd40000 - 0x00007ffb0fdff000 	C:\Windows\System32\KERNEL32.DLL
0x00007ffb0f370000 - 0x00007ffb0f642000 	C:\Windows\System32\KERNELBASE.dll
0x00007ffb0f270000 - 0x00007ffb0f370000 	C:\Windows\System32\ucrtbase.dll
0x00007ffb0c690000 - 0x00007ffb0c6a9000 	F:\AndroidStudio\jre\bin\jli.dll
0x00007ffb0c5b0000 - 0x00007ffb0c5c7000 	F:\AndroidStudio\jre\bin\VCRUNTIME140.dll
0x00007ffb10770000 - 0x00007ffb1090d000 	C:\Windows\System32\USER32.dll
0x00007ffb0f830000 - 0x00007ffb0f852000 	C:\Windows\System32\win32u.dll
0x00007ffb005d0000 - 0x00007ffb0086a000 	C:\Windows\WinSxS\amd64_microsoft.windows.common-controls_6595b64144ccf1df_6.0.19041.1110_none_60b5254171f9507e\COMCTL32.dll
0x00007ffb11190000 - 0x00007ffb111bb000 	C:\Windows\System32\GDI32.dll
0x00007ffb110e0000 - 0x00007ffb1117e000 	C:\Windows\System32\msvcrt.dll
0x00007ffb0ef90000 - 0x00007ffb0f09f000 	C:\Windows\System32\gdi32full.dll
0x00007ffb0f650000 - 0x00007ffb0f6ed000 	C:\Windows\System32\msvcp_win.dll
0x00007ffb10ba0000 - 0x00007ffb10bd2000 	C:\Windows\System32\IMM32.DLL
0x00007ffaeb080000 - 0x00007ffaeb11d000 	F:\AndroidStudio\jre\bin\msvcp140.dll
0x00007ffae9300000 - 0x00007ffae9e02000 	F:\AndroidStudio\jre\bin\server\jvm.dll
0x00007ffb10be0000 - 0x00007ffb10c8e000 	C:\Windows\System32\ADVAPI32.dll
0x00007ffb116a0000 - 0x00007ffb1173c000 	C:\Windows\System32\sechost.dll
0x00007ffb0fe00000 - 0x00007ffb0ff25000 	C:\Windows\System32\RPCRT4.dll
0x00007ffb11180000 - 0x00007ffb11188000 	C:\Windows\System32\PSAPI.DLL
0x00007ffb0c7a0000 - 0x00007ffb0c7a9000 	C:\Windows\SYSTEM32\WSOCK32.dll
0x00007ffb05fb0000 - 0x00007ffb05fd7000 	C:\Windows\SYSTEM32\WINMM.dll
0x00007ffb111c0000 - 0x00007ffb1122b000 	C:\Windows\System32\WS2_32.dll
0x00007ffb07be0000 - 0x00007ffb07bea000 	C:\Windows\SYSTEM32\VERSION.dll
0x00007ffb0ce70000 - 0x00007ffb0ce82000 	C:\Windows\SYSTEM32\kernel.appcore.dll
0x00007ffb0c4e0000 - 0x00007ffb0c4f1000 	F:\AndroidStudio\jre\bin\verify.dll
0x00007ffafec80000 - 0x00007ffafee64000 	C:\Windows\SYSTEM32\DBGHELP.DLL
0x00007ffb032e0000 - 0x00007ffb0330c000 	C:\Windows\SYSTEM32\dbgcore.DLL
0x00007ffb0f6f0000 - 0x00007ffb0f772000 	C:\Windows\System32\bcryptPrimitives.dll
0x00007ffb0a290000 - 0x00007ffb0a2b9000 	F:\AndroidStudio\jre\bin\java.dll
0x00007ffb0c760000 - 0x00007ffb0c76b000 	F:\AndroidStudio\jre\bin\jimage.dll
0x00007ffb0a6b0000 - 0x00007ffb0a6c8000 	F:\AndroidStudio\jre\bin\zip.dll
0x00007ffb10020000 - 0x00007ffb10763000 	C:\Windows\System32\SHELL32.dll
0x00007ffb0d070000 - 0x00007ffb0d802000 	C:\Windows\SYSTEM32\windows.storage.dll
0x00007ffb10ca0000 - 0x00007ffb10ff4000 	C:\Windows\System32\combase.dll
0x00007ffb0e9f0000 - 0x00007ffb0ea20000 	C:\Windows\SYSTEM32\Wldp.dll
0x00007ffb0f8e0000 - 0x00007ffb0f98d000 	C:\Windows\System32\SHCORE.dll
0x00007ffb117f0000 - 0x00007ffb11845000 	C:\Windows\System32\shlwapi.dll
0x00007ffb0eed0000 - 0x00007ffb0eeef000 	C:\Windows\SYSTEM32\profapi.dll
0x00007ffb0a190000 - 0x00007ffb0a1aa000 	F:\AndroidStudio\jre\bin\net.dll
0x00007ffb072c0000 - 0x00007ffb073cc000 	C:\Windows\SYSTEM32\WINHTTP.dll
0x00007ffb0e750000 - 0x00007ffb0e7ba000 	C:\Windows\system32\mswsock.dll
0x00007ffb06fd0000 - 0x00007ffb06fe4000 	F:\AndroidStudio\jre\bin\nio.dll
0x00007ffaeb420000 - 0x00007ffaeb447000 	C:\Users\carlo\.gradle\native\e1d6ef7f7dcc3fd88c89a11ec53ec762bb8ba0a96d01ffa2cd45eb1d1d8dd5c5\windows-amd64\native-platform.dll
0x00007ffadbf50000 - 0x00007ffadc094000 	C:\Users\carlo\.gradle\native\0d407fdbe67a94daf76414ababcb853783967236a71b16ec16e742cd7a986fd3\windows-amd64\native-platform-file-events.dll
0x00007ffb0c6b0000 - 0x00007ffb0c6ba000 	F:\AndroidStudio\jre\bin\management.dll
0x00007ffb0c550000 - 0x00007ffb0c55d000 	F:\AndroidStudio\jre\bin\management_ext.dll
0x00007ffb0e940000 - 0x00007ffb0e958000 	C:\Windows\SYSTEM32\CRYPTSP.dll
0x00007ffb0e000000 - 0x00007ffb0e034000 	C:\Windows\system32\rsaenh.dll
0x00007ffb0f8b0000 - 0x00007ffb0f8d7000 	C:\Windows\System32\bcrypt.dll
0x00007ffb0ee90000 - 0x00007ffb0eebe000 	C:\Windows\SYSTEM32\USERENV.dll
0x00007ffb0e960000 - 0x00007ffb0e96c000 	C:\Windows\SYSTEM32\CRYPTBASE.dll
0x00007ffb0e3f0000 - 0x00007ffb0e42b000 	C:\Windows\SYSTEM32\IPHLPAPI.DLL
0x00007ffb0ff30000 - 0x00007ffb0ff38000 	C:\Windows\System32\NSI.dll
0x00007ffb09750000 - 0x00007ffb09767000 	C:\Windows\SYSTEM32\dhcpcsvc6.DLL
0x00007ffb09730000 - 0x00007ffb0974d000 	C:\Windows\SYSTEM32\dhcpcsvc.DLL
0x00007ffb0e440000 - 0x00007ffb0e50a000 	C:\Windows\SYSTEM32\DNSAPI.dll
0x00007ffaedf10000 - 0x00007ffaedf37000 	F:\AndroidStudio\jre\bin\sunec.dll

dbghelp: loaded successfully - version: 4.0.5 - missing functions: none
symbol engine: initialized successfully - sym options: 0x614 - pdb path: .;F:\AndroidStudio\jre\bin;C:\Windows\SYSTEM32;C:\Windows\WinSxS\amd64_microsoft.windows.common-controls_6595b64144ccf1df_6.0.19041.1110_none_60b5254171f9507e;F:\AndroidStudio\jre\bin\server;C:\Users\carlo\.gradle\native\e1d6ef7f7dcc3fd88c89a11ec53ec762bb8ba0a96d01ffa2cd45eb1d1d8dd5c5\windows-amd64;C:\Users\carlo\.gradle\native\0d407fdbe67a94daf76414ababcb853783967236a71b16ec16e742cd7a986fd3\windows-amd64

VM Arguments:
jvm_args: --add-opens=java.base/java.util=ALL-UNNAMED --add-opens=java.base/java.lang=ALL-UNNAMED --add-opens=java.base/java.lang.invoke=ALL-UNNAMED --add-opens=java.base/java.util=ALL-UNNAMED --add-opens=java.prefs/java.util.prefs=ALL-UNNAMED --add-opens=java.prefs/java.util.prefs=ALL-UNNAMED --add-opens=java.base/java.nio.charset=ALL-UNNAMED --add-opens=java.base/java.net=ALL-UNNAMED --add-opens=java.base/java.util.concurrent.atomic=ALL-UNNAMED -Xmx2048m -Dfile.encoding=UTF-8 -Duser.country=ES -Duser.language=es -Duser.variant 
java_command: org.gradle.launcher.daemon.bootstrap.GradleDaemon 7.4
java_class_path (initial): C:\Users\carlo\.gradle\wrapper\dists\gradle-7.4-bin\c0gwcg53nkjbqw7r0h0umtfvt\gradle-7.4\lib\gradle-launcher-7.4.jar
Launcher Type: SUN_STANDARD

[Global flags]
     intx CICompilerCount                          = 4                                         {product} {ergonomic}
     uint ConcGCThreads                            = 3                                         {product} {ergonomic}
     uint G1ConcRefinementThreads                  = 10                                        {product} {ergonomic}
   size_t G1HeapRegionSize                         = 1048576                                   {product} {ergonomic}
    uintx GCDrainStackTargetSize                   = 64                                        {product} {ergonomic}
   size_t InitialHeapSize                          = 268435456                                 {product} {ergonomic}
   size_t MarkStackSize                            = 4194304                                   {product} {ergonomic}
   size_t MaxHeapSize                              = 2147483648                                {product} {command line}
   size_t MaxNewSize                               = 1287651328                                {product} {ergonomic}
   size_t MinHeapDeltaBytes                        = 1048576                                   {product} {ergonomic}
    uintx NonNMethodCodeHeapSize                   = 5836300                                {pd product} {ergonomic}
    uintx NonProfiledCodeHeapSize                  = 122910970                              {pd product} {ergonomic}
    uintx ProfiledCodeHeapSize                     = 122910970                              {pd product} {ergonomic}
    uintx ReservedCodeCacheSize                    = 251658240                              {pd product} {ergonomic}
     bool SegmentedCodeCache                       = true                                      {product} {ergonomic}
     bool UseCompressedClassPointers               = true                                 {lp64_product} {ergonomic}
     bool UseCompressedOops                        = true                                 {lp64_product} {ergonomic}
     bool UseG1GC                                  = true                                      {product} {ergonomic}
     bool UseLargePagesIndividualAllocation        = false                                  {pd product} {ergonomic}

Logging:
Log output configuration:
 #0: stdout all=warning uptime,level,tags
 #1: stderr all=off uptime,level,tags

Environment Variables:
PATH=C:\Program Files\Common Files\Oracle\Java\javapath;C:\Program Files (x86)\Common Files\Oracle\Java\javapath;C:\ProgramData\Oracle\Java\javapath;C:\Windows\system32;C:\Windows;C:\Windows\System32\Wbem;C:\Windows\System32\WindowsPowerShell\v1.0\;C:\Windows\System32\OpenSSH\;C:\Program Files\NVIDIA Corporation\NVIDIA NvDLISR;C:\Program Files (x86)\NVIDIA Corporation\PhysX\Common;F:\putty\;C:\Program Files\Git\cmd;C:\Users\carlo\AppData\Local\Microsoft\WindowsApps;;F:\Microsoft VS Code\bin
USERNAME=carlo
OS=Windows_NT
PROCESSOR_IDENTIFIER=AMD64 Family 25 Model 33 Stepping 0, AuthenticAMD



---------------  S Y S T E M  ---------------

OS: Windows 10 , 64 bit Build 19041 (10.0.19041.2251)
OS uptime: 0 days 1:48 hours

CPU:total 12 (initial active 12) (12 cores per cpu, 2 threads per core) family 25 model 33 stepping 0 microcode 0x0, cmov, cx8, fxsr, mmx, sse, sse2, sse3, ssse3, sse4.1, sse4.2, popcnt, avx, avx2, aes, clmul, erms, mmxext, 3dnowpref, lzcnt, sse4a, ht, tsc, tscinvbit, tscinv, bmi1, bmi2, adx, sha, fma

Memory: 4k page, system-wide physical 16310M (3886M free)
TotalPageFile size 16310M (AvailPageFile size 3M)
current process WorkingSet (physical memory assigned to process): 594M, peak: 605M
current process commit charge ("private bytes"): 646M, peak: 661M

vm_info: OpenJDK 64-Bit Server VM (11.0.13+0-b1751.21-8125866) for windows-amd64 JRE (11.0.13+0-b1751.21-8125866), built on Feb  2 2022 03:00:22 by "builder" with MS VC++ 14.0 (VS2015)

END.
